TN:
SF:/home/sudip/MyWorkspace/portal-temp/SunbirdEd-portal/src/app/client/src/polyfills.ts
FNF:0
FNH:0
LF:0
LH:0
BRF:0
BRH:0
end_of_record
TN:
SF:/home/sudip/MyWorkspace/portal-temp/SunbirdEd-portal/src/app/client/src/test.ts
FN:10,(anonymous_0)
FNF:1
FNH:1
FNDA:295,(anonymous_0)
DA:6,1
DA:8,1
DA:10,295
DA:12,1
DA:13,1
DA:15,1
LF:6
LH:6
BRDA:10,0,0,0
BRDA:10,0,1,1
BRDA:13,1,0,1
BRDA:13,1,1,0
BRF:4
BRH:2
end_of_record
TN:
SF:/home/sudip/MyWorkspace/portal-temp/SunbirdEd-portal/src/app/client/src/app/app.component.spec.data.ts
FNF:0
FNH:0
DA:1,1
LF:1
LH:1
BRF:0
BRH:0
end_of_record
TN:
SF:/home/sudip/MyWorkspace/portal-temp/SunbirdEd-portal/src/app/client/src/app/app.component.ts
FN:1,(anonymous_0)
FN:7,(anonymous_1)
FN:10,(anonymous_2)
FN:11,(anonymous_3)
FN:28,(anonymous_4)
FN:29,AppComponent
FN:66,(anonymous_6)
FN:96,(anonymous_7)
FN:99,(anonymous_8)
FN:103,(anonymous_9)
FN:106,(anonymous_10)
FN:106,(anonymous_11)
FN:106,(anonymous_12)
FN:111,(anonymous_13)
FN:113,(anonymous_14)
FN:113,(anonymous_15)
FN:120,(anonymous_16)
FN:120,(anonymous_17)
FN:126,(anonymous_18)
FN:142,(anonymous_19)
FN:152,(anonymous_20)
FN:168,(anonymous_21)
FN:172,(anonymous_22)
FN:176,(anonymous_23)
FN:185,(anonymous_24)
FN:219,(anonymous_25)
FN:227,(anonymous_26)
FN:233,(anonymous_27)
FN:255,(anonymous_28)
FN:267,(anonymous_29)
FN:289,(anonymous_30)
FN:298,(anonymous_31)
FN:301,(anonymous_32)
FN:309,(anonymous_33)
FN:311,(anonymous_34)
FN:323,(anonymous_35)
FN:341,(anonymous_36)
FN:348,(anonymous_37)
FN:350,(anonymous_38)
FN:350,(anonymous_39)
FN:363,(anonymous_40)
FN:365,(anonymous_41)
FN:378,(anonymous_42)
FN:380,(anonymous_43)
FN:394,(anonymous_44)
FN:459,(anonymous_45)
FN:461,(anonymous_46)
FN:471,(anonymous_47)
FN:476,(anonymous_48)
FN:483,(anonymous_49)
FN:490,(anonymous_50)
FN:493,(anonymous_51)
FN:497,(anonymous_52)
FN:499,(anonymous_53)
FN:510,(anonymous_54)
FN:515,(anonymous_55)
FN:519,(anonymous_56)
FN:525,(anonymous_57)
FN:527,(anonymous_58)
FN:530,(anonymous_59)
FN:542,(anonymous_60)
FN:550,(anonymous_61)
FNF:62
FNH:39
FNDA:3,(anonymous_0)
FNDA:5,(anonymous_1)
FNDA:1,(anonymous_2)
FNDA:1,(anonymous_3)
FNDA:1,(anonymous_4)
FNDA:6,AppComponent
FNDA:3,(anonymous_6)
FNDA:0,(anonymous_7)
FNDA:0,(anonymous_8)
FNDA:4,(anonymous_9)
FNDA:4,(anonymous_10)
FNDA:4,(anonymous_11)
FNDA:4,(anonymous_12)
FNDA:4,(anonymous_13)
FNDA:4,(anonymous_14)
FNDA:0,(anonymous_15)
FNDA:4,(anonymous_16)
FNDA:0,(anonymous_17)
FNDA:4,(anonymous_18)
FNDA:4,(anonymous_19)
FNDA:0,(anonymous_20)
FNDA:0,(anonymous_21)
FNDA:3,(anonymous_22)
FNDA:3,(anonymous_23)
FNDA:0,(anonymous_24)
FNDA:0,(anonymous_25)
FNDA:0,(anonymous_26)
FNDA:4,(anonymous_27)
FNDA:0,(anonymous_28)
FNDA:4,(anonymous_29)
FNDA:4,(anonymous_30)
FNDA:4,(anonymous_31)
FNDA:0,(anonymous_32)
FNDA:1,(anonymous_33)
FNDA:0,(anonymous_34)
FNDA:4,(anonymous_35)
FNDA:0,(anonymous_36)
FNDA:4,(anonymous_37)
FNDA:4,(anonymous_38)
FNDA:4,(anonymous_39)
FNDA:1,(anonymous_40)
FNDA:1,(anonymous_41)
FNDA:3,(anonymous_42)
FNDA:3,(anonymous_43)
FNDA:4,(anonymous_44)
FNDA:4,(anonymous_45)
FNDA:4,(anonymous_46)
FNDA:0,(anonymous_47)
FNDA:0,(anonymous_48)
FNDA:0,(anonymous_49)
FNDA:0,(anonymous_50)
FNDA:0,(anonymous_51)
FNDA:4,(anonymous_52)
FNDA:4,(anonymous_53)
FNDA:6,(anonymous_54)
FNDA:0,(anonymous_55)
FNDA:0,(anonymous_56)
FNDA:4,(anonymous_57)
FNDA:1,(anonymous_58)
FNDA:0,(anonymous_59)
FNDA:0,(anonymous_60)
FNDA:0,(anonymous_61)
DA:1,1
DA:2,3
DA:3,3
DA:4,0
DA:5,3
DA:7,1
DA:8,5
DA:10,1
DA:11,1
DA:28,1
DA:30,6
DA:31,6
DA:32,6
DA:33,6
DA:34,6
DA:35,6
DA:36,6
DA:37,6
DA:38,6
DA:39,6
DA:40,6
DA:41,6
DA:42,6
DA:43,6
DA:44,6
DA:45,6
DA:46,6
DA:47,6
DA:48,6
DA:49,6
DA:50,6
DA:51,6
DA:55,6
DA:59,6
DA:63,6
DA:64,6
DA:65,6
DA:66,3
DA:73,6
DA:74,6
DA:75,6
DA:76,6
DA:77,6
DA:78,6
DA:79,6
DA:80,6
DA:81,6
DA:82,6
DA:83,6
DA:85,6
DA:87,6
DA:89,6
DA:96,1
DA:97,0
DA:99,1
DA:100,0
DA:101,0
DA:103,1
DA:104,4
DA:105,4
DA:106,4
DA:107,4
DA:111,1
DA:112,4
DA:113,4
DA:114,0
DA:115,0
DA:116,0
DA:119,4
DA:120,4
DA:121,0
DA:123,4
DA:124,4
DA:125,4
DA:127,4
DA:128,4
DA:129,4
DA:130,4
DA:131,1
DA:132,1
DA:133,1
DA:134,1
DA:135,1
DA:136,1
DA:139,3
DA:143,4
DA:144,4
DA:145,4
DA:146,4
DA:147,4
DA:148,4
DA:149,4
DA:150,4
DA:151,4
DA:153,0
DA:154,0
DA:156,4
DA:157,4
DA:158,1
DA:161,3
DA:163,4
DA:164,4
DA:165,4
DA:166,4
DA:168,1
DA:169,0
DA:170,0
DA:172,1
DA:173,3
DA:174,3
DA:176,1
DA:177,3
DA:179,3
DA:180,0
DA:182,3
DA:183,3
DA:184,3
DA:185,3
DA:186,0
DA:187,0
DA:188,0
DA:190,0
DA:191,0
DA:192,0
DA:193,0
DA:195,0
DA:199,0
DA:200,0
DA:206,0
DA:207,0
DA:208,0
DA:209,0
DA:213,0
DA:214,0
DA:219,0
DA:220,0
DA:221,0
DA:222,0
DA:223,0
DA:228,0
DA:229,0
DA:231,3
DA:233,1
DA:234,4
DA:236,4
DA:237,4
DA:239,0
DA:240,0
DA:242,0
DA:243,0
DA:244,0
DA:249,0
DA:250,0
DA:251,0
DA:255,1
DA:256,0
DA:265,0
DA:267,1
DA:268,4
DA:270,4
DA:271,0
DA:273,4
DA:284,4
DA:289,1
DA:290,4
DA:292,0
DA:295,4
DA:298,1
DA:299,4
DA:300,4
DA:301,4
DA:302,0
DA:303,0
DA:309,1
DA:310,1
DA:311,1
DA:312,0
DA:313,0
DA:316,0
DA:323,1
DA:324,4
DA:325,4
DA:326,0
DA:327,0
DA:330,4
DA:331,1
DA:334,3
DA:341,1
DA:342,0
DA:343,0
DA:348,1
DA:349,4
DA:350,4
DA:351,4
DA:352,4
DA:353,4
DA:354,4
DA:355,4
DA:356,4
DA:357,4
DA:363,1
DA:364,1
DA:365,1
DA:366,1
DA:367,0
DA:369,1
DA:370,1
DA:371,1
DA:372,1
DA:378,1
DA:379,3
DA:380,3
DA:381,3
DA:382,3
DA:383,3
DA:384,3
DA:385,0
DA:394,1
DA:395,4
DA:396,4
DA:397,4
DA:398,1
DA:424,3
DA:447,3
DA:448,0
DA:449,0
DA:450,0
DA:451,0
DA:453,3
DA:459,1
DA:460,4
DA:461,4
DA:462,4
DA:463,4
DA:464,4
DA:471,1
DA:472,0
DA:473,0
DA:476,0
DA:477,0
DA:478,0
DA:479,0
DA:480,0
DA:481,0
DA:482,0
DA:484,0
DA:485,0
DA:486,0
DA:487,0
DA:490,1
DA:493,1
DA:494,0
DA:495,0
DA:497,1
DA:498,4
DA:499,4
DA:500,4
DA:501,0
DA:502,0
DA:505,4
DA:506,4
DA:510,1
DA:511,6
DA:512,4
DA:515,1
DA:516,0
DA:519,1
DA:520,0
DA:521,0
DA:525,1
DA:526,4
DA:527,4
DA:528,1
DA:530,0
DA:531,0
DA:532,0
DA:533,0
DA:538,0
DA:539,0
DA:540,0
DA:542,0
DA:543,0
DA:546,0
DA:547,0
DA:555,1
DA:559,1
DA:565,1
DA:582,1
LF:288
LH:194
BRDA:1,0,0,1
BRDA:1,0,1,0
BRDA:1,0,2,1
BRDA:2,1,0,1
BRDA:2,1,1,2
BRDA:2,2,0,1
BRDA:2,2,1,1
BRDA:3,3,0,3
BRDA:3,3,1,0
BRDA:3,4,0,3
BRDA:3,4,1,3
BRDA:4,5,0,0
BRDA:4,5,1,0
BRDA:4,6,0,0
BRDA:4,6,1,0
BRDA:4,7,0,0
BRDA:4,7,1,0
BRDA:4,8,0,0
BRDA:4,8,1,0
BRDA:5,9,0,3
BRDA:5,9,1,2
BRDA:5,9,2,1
BRDA:7,10,0,1
BRDA:7,10,1,0
BRDA:7,10,2,1
BRDA:8,11,0,5
BRDA:8,11,1,0
BRDA:8,12,0,5
BRDA:8,12,1,5
BRDA:10,13,0,1
BRDA:10,13,1,0
BRDA:10,13,2,1
BRDA:66,14,0,3
BRDA:66,14,1,3
BRDA:83,15,0,0
BRDA:83,15,1,6
BRDA:85,16,0,0
BRDA:85,16,1,6
BRDA:87,17,0,0
BRDA:87,17,1,6
BRDA:89,18,0,0
BRDA:89,18,1,6
BRDA:107,19,0,4
BRDA:107,19,1,4
BRDA:115,20,0,0
BRDA:115,20,1,0
BRDA:119,21,0,0
BRDA:119,21,1,4
BRDA:119,22,0,4
BRDA:119,22,1,4
BRDA:120,23,0,4
BRDA:120,23,1,4
BRDA:120,23,2,0
BRDA:130,24,0,1
BRDA:130,24,1,3
BRDA:157,25,0,1
BRDA:157,25,1,3
BRDA:170,26,0,0
BRDA:170,26,1,0
BRDA:170,26,2,0
BRDA:174,27,0,3
BRDA:174,27,1,3
BRDA:174,27,2,3
BRDA:179,28,0,0
BRDA:179,28,1,3
BRDA:188,29,0,0
BRDA:188,29,1,0
BRDA:192,30,0,0
BRDA:192,30,1,0
BRDA:193,31,0,0
BRDA:193,31,1,0
BRDA:193,32,0,0
BRDA:193,32,1,0
BRDA:194,33,0,0
BRDA:194,33,1,0
BRDA:194,33,2,0
BRDA:199,34,0,0
BRDA:199,34,1,0
BRDA:207,35,0,0
BRDA:207,35,1,0
BRDA:208,36,0,0
BRDA:208,36,1,0
BRDA:213,37,0,0
BRDA:213,37,1,0
BRDA:220,38,0,0
BRDA:220,38,1,0
BRDA:222,39,0,0
BRDA:222,39,1,0
BRDA:234,40,0,0
BRDA:234,40,1,4
BRDA:236,41,0,4
BRDA:236,41,1,0
BRDA:239,42,0,0
BRDA:239,42,1,0
BRDA:239,43,0,0
BRDA:239,43,1,0
BRDA:242,44,0,0
BRDA:242,44,1,0
BRDA:242,45,0,0
BRDA:242,45,1,0
BRDA:250,46,0,0
BRDA:250,46,1,0
BRDA:268,47,0,0
BRDA:268,47,1,4
BRDA:270,48,0,0
BRDA:270,48,1,4
BRDA:290,49,0,0
BRDA:290,49,1,4
BRDA:290,50,0,4
BRDA:290,50,1,1
BRDA:290,50,2,0
BRDA:290,50,3,0
BRDA:302,51,0,0
BRDA:302,51,1,0
BRDA:312,52,0,0
BRDA:312,52,1,0
BRDA:325,53,0,0
BRDA:325,53,1,4
BRDA:330,54,0,1
BRDA:330,54,1,3
BRDA:330,55,0,4
BRDA:330,55,1,1
BRDA:366,56,0,0
BRDA:366,56,1,1
BRDA:384,57,0,0
BRDA:384,57,1,3
BRDA:396,58,0,4
BRDA:396,58,1,0
BRDA:396,59,0,4
BRDA:396,59,1,4
BRDA:397,60,0,1
BRDA:397,60,1,3
BRDA:447,61,0,0
BRDA:447,61,1,3
BRDA:462,62,0,4
BRDA:462,62,1,0
BRDA:463,63,0,4
BRDA:463,63,1,3
BRDA:500,64,0,0
BRDA:500,64,1,4
BRDA:500,65,0,4
BRDA:500,65,1,0
BRDA:511,66,0,4
BRDA:511,66,1,2
BRDA:520,67,0,0
BRDA:520,67,1,0
BRDA:528,68,0,0
BRDA:528,68,1,0
BRDA:528,69,0,1
BRDA:528,69,1,1
BRDA:528,69,2,0
BRDA:532,70,0,0
BRDA:532,70,1,0
BRDA:532,71,0,0
BRDA:532,71,1,0
BRDA:539,72,0,0
BRDA:539,72,1,0
BRDA:539,73,0,0
BRDA:539,73,1,0
BRDA:546,74,0,0
BRDA:546,74,1,0
BRF:161
BRH:69
end_of_record
TN:
SF:/home/sudip/MyWorkspace/portal-temp/SunbirdEd-portal/src/app/client/src/app/modules/badging/components/assign-badges-content/assign-badges-content.component.spec.data.ts
FNF:0
FNH:0
DA:1,1
LF:1
LH:1
BRF:0
BRH:0
end_of_record
TN:
SF:/home/sudip/MyWorkspace/portal-temp/SunbirdEd-portal/src/app/client/src/app/modules/badging/components/assign-badges-content/assign-badges-content.component.ts
FN:1,(anonymous_0)
FN:7,(anonymous_1)
FN:18,(anonymous_2)
FN:19,AssignBadgesContentComponent
FN:32,(anonymous_4)
FN:34,(anonymous_5)
FN:41,(anonymous_6)
FN:46,(anonymous_7)
FN:59,(anonymous_8)
FN:61,(anonymous_9)
FN:70,(anonymous_10)
FN:73,(anonymous_11)
FN:83,(anonymous_12)
FN:88,(anonymous_13)
FN:93,(anonymous_14)
FN:97,(anonymous_15)
FN:114,(anonymous_16)
FNF:17
FNH:16
FNDA:2,(anonymous_0)
FNDA:2,(anonymous_1)
FNDA:1,(anonymous_2)
FNDA:6,AssignBadgesContentComponent
FNDA:2,(anonymous_4)
FNDA:1,(anonymous_5)
FNDA:2,(anonymous_6)
FNDA:1,(anonymous_7)
FNDA:1,(anonymous_8)
FNDA:0,(anonymous_9)
FNDA:1,(anonymous_10)
FNDA:3,(anonymous_11)
FNDA:2,(anonymous_12)
FNDA:4,(anonymous_13)
FNDA:1,(anonymous_14)
FNDA:2,(anonymous_15)
FNDA:7,(anonymous_16)
DA:1,1
DA:2,2
DA:3,2
DA:4,0
DA:5,2
DA:7,1
DA:8,2
DA:18,1
DA:20,6
DA:21,6
DA:22,6
DA:23,6
DA:24,6
DA:25,6
DA:26,6
DA:30,6
DA:32,1
DA:33,2
DA:34,2
DA:35,1
DA:36,1
DA:37,1
DA:38,1
DA:41,2
DA:42,2
DA:44,2
DA:46,1
DA:47,1
DA:48,1
DA:58,1
DA:60,1
DA:62,0
DA:63,0
DA:66,0
DA:70,1
DA:71,1
DA:73,1
DA:74,3
DA:75,3
DA:76,3
DA:82,3
DA:84,2
DA:85,2
DA:87,2
DA:88,2
DA:89,4
DA:91,2
DA:92,2
DA:94,1
DA:97,1
DA:98,2
DA:103,2
DA:108,2
DA:114,1
DA:115,7
DA:116,3
DA:118,7
DA:119,7
DA:121,1
DA:125,1
DA:134,1
LF:61
LH:57
BRDA:1,0,0,1
BRDA:1,0,1,0
BRDA:1,0,2,1
BRDA:2,1,0,1
BRDA:2,1,1,1
BRDA:2,2,0,0
BRDA:2,2,1,1
BRDA:3,3,0,2
BRDA:3,3,1,0
BRDA:3,4,0,2
BRDA:3,4,1,2
BRDA:4,5,0,0
BRDA:4,5,1,0
BRDA:4,6,0,0
BRDA:4,6,1,0
BRDA:4,7,0,0
BRDA:4,7,1,0
BRDA:4,8,0,0
BRDA:4,8,1,0
BRDA:5,9,0,2
BRDA:5,9,1,1
BRDA:5,9,2,0
BRDA:7,10,0,1
BRDA:7,10,1,0
BRDA:7,10,2,1
BRDA:8,11,0,2
BRDA:8,11,1,0
BRDA:8,12,0,2
BRDA:8,12,1,2
BRDA:35,13,0,1
BRDA:35,13,1,0
BRDA:35,14,0,1
BRDA:35,14,1,1
BRDA:62,15,0,0
BRDA:62,15,1,0
BRDA:62,16,0,0
BRDA:62,16,1,0
BRDA:62,16,2,0
BRDA:84,17,0,2
BRDA:84,17,1,0
BRDA:115,18,0,3
BRDA:115,18,1,4
BRF:42
BRH:21
end_of_record
TN:
SF:/home/sudip/MyWorkspace/portal-temp/SunbirdEd-portal/src/app/client/src/app/modules/badging/components/content-badge/content-badge.component.spec.data.ts
FNF:0
FNH:0
DA:1,1
LF:1
LH:1
BRF:0
BRH:0
end_of_record
TN:
SF:/home/sudip/MyWorkspace/portal-temp/SunbirdEd-portal/src/app/client/src/app/modules/badging/components/content-badge/content-badge.component.ts
FN:1,(anonymous_0)
FN:7,(anonymous_1)
FN:14,(anonymous_2)
FN:15,ContentBadgeComponent
FN:19,(anonymous_4)
FN:22,(anonymous_5)
FN:29,(anonymous_6)
FNF:7
FNH:6
FNDA:2,(anonymous_0)
FNDA:2,(anonymous_1)
FNDA:1,(anonymous_2)
FNDA:4,ContentBadgeComponent
FNDA:2,(anonymous_4)
FNDA:0,(anonymous_5)
FNDA:5,(anonymous_6)
DA:1,1
DA:2,2
DA:3,2
DA:4,0
DA:5,2
DA:7,1
DA:8,2
DA:14,1
DA:16,4
DA:17,4
DA:19,1
DA:20,2
DA:21,2
DA:23,0
DA:24,0
DA:26,0
DA:29,1
DA:30,5
DA:31,5
DA:33,1
DA:37,1
DA:44,1
LF:22
LH:18
BRDA:1,0,0,1
BRDA:1,0,1,0
BRDA:1,0,2,1
BRDA:2,1,0,1
BRDA:2,1,1,1
BRDA:2,2,0,0
BRDA:2,2,1,1
BRDA:3,3,0,2
BRDA:3,3,1,0
BRDA:3,4,0,2
BRDA:3,4,1,2
BRDA:4,5,0,0
BRDA:4,5,1,0
BRDA:4,6,0,0
BRDA:4,6,1,0
BRDA:4,7,0,0
BRDA:4,7,1,0
BRDA:4,8,0,0
BRDA:4,8,1,0
BRDA:5,9,0,2
BRDA:5,9,1,1
BRDA:5,9,2,0
BRDA:7,10,0,1
BRDA:7,10,1,0
BRDA:7,10,2,1
BRDA:8,11,0,2
BRDA:8,11,1,0
BRDA:8,12,0,2
BRDA:8,12,1,2
BRDA:23,13,0,0
BRDA:23,13,1,0
BRF:31
BRH:15
end_of_record
TN:
SF:/home/sudip/MyWorkspace/portal-temp/SunbirdEd-portal/src/app/client/src/app/modules/badging/services/content-badge.service.spec.data.ts
FNF:0
FNH:0
DA:1,1
LF:1
LH:1
BRF:0
BRH:0
end_of_record
TN:
SF:/home/sudip/MyWorkspace/portal-temp/SunbirdEd-portal/src/app/client/src/app/modules/badging/services/content-badge.service.ts
FN:1,(anonymous_0)
FN:7,(anonymous_1)
FN:13,(anonymous_2)
FN:19,ContentBadgeService
FN:27,(anonymous_4)
FN:34,(anonymous_5)
FNF:6
FNH:6
FNDA:1,(anonymous_0)
FNDA:1,(anonymous_1)
FNDA:1,(anonymous_2)
FNDA:12,ContentBadgeService
FNDA:1,(anonymous_4)
FNDA:4,(anonymous_5)
DA:1,1
DA:2,1
DA:3,1
DA:4,0
DA:5,1
DA:7,1
DA:8,1
DA:13,1
DA:23,12
DA:24,12
DA:25,12
DA:27,1
DA:28,1
DA:32,1
DA:34,1
DA:35,4
DA:37,1
DA:41,1
LF:18
LH:17
BRDA:1,0,0,1
BRDA:1,0,1,0
BRDA:1,0,2,1
BRDA:2,1,0,1
BRDA:2,1,1,0
BRDA:2,2,0,0
BRDA:2,2,1,0
BRDA:3,3,0,1
BRDA:3,3,1,0
BRDA:3,4,0,1
BRDA:3,4,1,1
BRDA:4,5,0,0
BRDA:4,5,1,0
BRDA:4,6,0,0
BRDA:4,6,1,0
BRDA:4,7,0,0
BRDA:4,7,1,0
BRDA:4,8,0,0
BRDA:4,8,1,0
BRDA:5,9,0,1
BRDA:5,9,1,0
BRDA:5,9,2,0
BRDA:7,10,0,1
BRDA:7,10,1,0
BRDA:7,10,2,1
BRDA:8,11,0,1
BRDA:8,11,1,0
BRDA:8,12,0,1
BRDA:8,12,1,1
BRF:29
BRH:12
end_of_record
TN:
SF:/home/sudip/MyWorkspace/portal-temp/SunbirdEd-portal/src/app/client/src/app/modules/cbse-program/components/chapter-list/chapter-list.component.spec.data.ts
FNF:0
FNH:0
DA:1,1
DA:269,1
DA:392,1
DA:397,1
LF:4
LH:4
BRF:0
BRH:0
end_of_record
TN:
SF:/home/sudip/MyWorkspace/portal-temp/SunbirdEd-portal/src/app/client/src/app/modules/cbse-program/components/chapter-list/chapter-list.component.ts
FN:1,(anonymous_0)
FN:2,(anonymous_1)
FN:12,(anonymous_2)
FN:18,(anonymous_3)
FN:21,(anonymous_4)
FN:22,(anonymous_5)
FN:23,fulfilled
FN:24,rejected
FN:25,step
FN:25,(anonymous_9)
FN:29,(anonymous_10)
FN:30,(anonymous_11)
FN:31,(anonymous_12)
FN:32,verb
FN:32,(anonymous_14)
FN:33,step
FN:69,(anonymous_16)
FN:70,ChapterListComponent
FN:105,(anonymous_18)
FN:107,(anonymous_19)
FN:131,(anonymous_20)
FN:136,(anonymous_21)
FN:140,(anonymous_22)
FN:145,(anonymous_23)
FN:165,(anonymous_24)
FN:166,(anonymous_25)
FN:167,(anonymous_26)
FN:186,(anonymous_27)
FN:211,(anonymous_28)
FN:219,(anonymous_29)
FN:231,(anonymous_30)
FN:232,(anonymous_31)
FN:237,(anonymous_32)
FN:256,(anonymous_33)
FN:262,(anonymous_34)
FN:267,(anonymous_35)
FN:268,(anonymous_36)
FN:274,(anonymous_37)
FN:287,(anonymous_38)
FN:293,(anonymous_39)
FN:300,(anonymous_40)
FN:310,(anonymous_41)
FN:311,(anonymous_42)
FN:321,(anonymous_43)
FN:343,(anonymous_44)
FN:348,(anonymous_45)
FN:363,(anonymous_46)
FN:366,(anonymous_47)
FN:373,(anonymous_48)
FN:384,(anonymous_49)
FN:388,(anonymous_50)
FN:397,(anonymous_51)
FN:415,(anonymous_52)
FN:415,(anonymous_53)
FN:419,(anonymous_54)
FN:422,(anonymous_55)
FN:429,(anonymous_56)
FN:432,(anonymous_57)
FN:439,(anonymous_58)
FN:444,(anonymous_59)
FN:484,(anonymous_60)
FN:493,(anonymous_61)
FN:498,(anonymous_62)
FN:500,(anonymous_63)
FN:507,(anonymous_64)
FN:517,(anonymous_65)
FN:528,(anonymous_66)
FN:528,(anonymous_67)
FN:530,(anonymous_68)
FN:534,(anonymous_69)
FN:537,(anonymous_70)
FN:543,(anonymous_71)
FNF:72
FNH:62
FNDA:1,(anonymous_0)
FNDA:0,(anonymous_1)
FNDA:3,(anonymous_2)
FNDA:3,(anonymous_3)
FNDA:35,(anonymous_4)
FNDA:35,(anonymous_5)
FNDA:35,fulfilled
FNDA:0,rejected
FNDA:70,step
FNDA:35,(anonymous_9)
FNDA:35,(anonymous_10)
FNDA:35,(anonymous_11)
FNDA:0,(anonymous_12)
FNDA:105,verb
FNDA:70,(anonymous_14)
FNDA:70,step
FNDA:1,(anonymous_16)
FNDA:31,ChapterListComponent
FNDA:33,(anonymous_18)
FNDA:2,(anonymous_19)
FNDA:1,(anonymous_20)
FNDA:1,(anonymous_21)
FNDA:31,(anonymous_22)
FNDA:31,(anonymous_23)
FNDA:35,(anonymous_24)
FNDA:35,(anonymous_25)
FNDA:70,(anonymous_26)
FNDA:3,(anonymous_27)
FNDA:2,(anonymous_28)
FNDA:34,(anonymous_29)
FNDA:34,(anonymous_30)
FNDA:0,(anonymous_31)
FNDA:34,(anonymous_32)
FNDA:34,(anonymous_33)
FNDA:1,(anonymous_34)
FNDA:1,(anonymous_35)
FNDA:1,(anonymous_36)
FNDA:0,(anonymous_37)
FNDA:234,(anonymous_38)
FNDA:200,(anonymous_39)
FNDA:200,(anonymous_40)
FNDA:100,(anonymous_41)
FNDA:100,(anonymous_42)
FNDA:234,(anonymous_43)
FNDA:200,(anonymous_44)
FNDA:201,(anonymous_45)
FNDA:68,(anonymous_46)
FNDA:67,(anonymous_47)
FNDA:67,(anonymous_48)
FNDA:2,(anonymous_49)
FNDA:4,(anonymous_50)
FNDA:21,(anonymous_51)
FNDA:3,(anonymous_52)
FNDA:0,(anonymous_53)
FNDA:3,(anonymous_54)
FNDA:3,(anonymous_55)
FNDA:2,(anonymous_56)
FNDA:2,(anonymous_57)
FNDA:2,(anonymous_58)
FNDA:5,(anonymous_59)
FNDA:1,(anonymous_60)
FNDA:1,(anonymous_61)
FNDA:34,(anonymous_62)
FNDA:98,(anonymous_63)
FNDA:32,(anonymous_64)
FNDA:0,(anonymous_65)
FNDA:0,(anonymous_66)
FNDA:0,(anonymous_67)
FNDA:0,(anonymous_68)
FNDA:1,(anonymous_69)
FNDA:1,(anonymous_70)
FNDA:32,(anonymous_71)
DA:1,1
DA:2,1
DA:3,0
DA:4,0
DA:5,0
DA:6,0
DA:8,0
DA:10,1
DA:12,1
DA:13,3
DA:14,3
DA:15,0
DA:16,3
DA:18,1
DA:19,3
DA:21,1
DA:22,35
DA:23,35
DA:24,0
DA:25,70
DA:26,35
DA:29,1
DA:30,35
DA:31,35
DA:32,105
DA:34,70
DA:35,140
DA:36,140
DA:37,140
DA:38,140
DA:39,70
DA:40,35
DA:41,0
DA:42,0
DA:44,35
DA:45,0
DA:46,0
DA:47,0
DA:48,0
DA:49,0
DA:51,70
DA:52,140
DA:53,35
DA:69,1
DA:71,31
DA:72,31
DA:73,31
DA:74,31
DA:75,31
DA:76,31
DA:77,31
DA:78,31
DA:79,31
DA:80,31
DA:81,31
DA:82,31
DA:83,31
DA:84,31
DA:85,31
DA:86,31
DA:87,31
DA:88,31
DA:89,31
DA:90,31
DA:91,31
DA:92,31
DA:93,31
DA:94,31
DA:95,31
DA:98,31
DA:99,31
DA:100,31
DA:101,31
DA:102,31
DA:103,31
DA:105,1
DA:106,33
DA:107,33
DA:108,2
DA:109,2
DA:111,33
DA:112,33
DA:113,33
DA:114,33
DA:115,33
DA:116,33
DA:117,33
DA:118,33
DA:122,33
DA:126,33
DA:127,33
DA:129,33
DA:130,33
DA:132,1
DA:136,1
DA:137,1
DA:138,1
DA:140,1
DA:141,31
DA:142,31
DA:143,31
DA:144,31
DA:145,31
DA:146,31
DA:165,1
DA:166,35
DA:167,35
DA:168,70
DA:169,35
DA:171,35
DA:172,35
DA:173,0
DA:175,35
DA:176,1
DA:179,34
DA:181,35
DA:186,1
DA:187,3
DA:211,1
DA:212,2
DA:213,2
DA:215,2
DA:216,1
DA:219,1
DA:220,34
DA:221,34
DA:223,34
DA:224,34
DA:225,2
DA:227,34
DA:231,34
DA:232,34
DA:233,0
DA:234,0
DA:235,0
DA:238,34
DA:239,34
DA:240,34
DA:241,34
DA:242,34
DA:243,34
DA:244,34
DA:245,34
DA:246,34
DA:247,34
DA:248,34
DA:249,34
DA:250,34
DA:251,34
DA:252,34
DA:256,1
DA:257,34
DA:258,34
DA:259,34
DA:260,1
DA:261,1
DA:262,1
DA:263,1
DA:265,1
DA:266,1
DA:267,1
DA:268,1
DA:269,1
DA:270,1
DA:271,1
DA:274,0
DA:275,0
DA:276,0
DA:277,0
DA:278,0
DA:280,0
DA:284,33
DA:287,1
DA:288,234
DA:289,234
DA:290,234
DA:294,200
DA:298,234
DA:299,234
DA:300,167
DA:301,200
DA:302,200
DA:303,99
DA:308,200
DA:309,200
DA:310,200
DA:311,200
DA:312,200
DA:313,200
DA:314,67
DA:316,200
DA:318,167
DA:321,1
DA:322,234
DA:323,234
DA:324,67
DA:325,67
DA:326,33
DA:328,67
DA:329,34
DA:331,67
DA:332,67
DA:334,67
DA:335,33
DA:337,67
DA:338,0
DA:341,234
DA:342,234
DA:343,167
DA:344,200
DA:348,1
DA:349,201
DA:361,201
DA:363,1
DA:364,68
DA:365,68
DA:366,68
DA:367,67
DA:368,67
DA:369,67
DA:371,68
DA:373,1
DA:374,67
DA:375,67
DA:376,67
DA:377,0
DA:379,67
DA:380,67
DA:382,0
DA:384,1
DA:385,2
DA:386,2
DA:388,1
DA:389,4
DA:390,4
DA:391,4
DA:392,3
DA:393,3
DA:394,3
DA:395,3
DA:397,3
DA:399,21
DA:401,3
DA:412,3
DA:413,0
DA:415,3
DA:416,0
DA:417,0
DA:420,3
DA:421,3
DA:424,3
DA:429,1
DA:430,2
DA:432,2
DA:433,2
DA:435,2
DA:436,1
DA:439,1
DA:440,2
DA:441,2
DA:442,2
DA:444,1
DA:445,5
DA:446,5
DA:447,5
DA:449,1
DA:450,1
DA:451,1
DA:453,1
DA:454,1
DA:455,1
DA:456,1
DA:458,1
DA:459,1
DA:460,1
DA:461,1
DA:462,1
DA:464,1
DA:465,1
DA:466,1
DA:467,1
DA:469,1
DA:470,1
DA:471,1
DA:473,0
DA:474,0
DA:476,5
DA:484,1
DA:485,1
DA:493,1
DA:494,1
DA:495,1
DA:498,1
DA:499,34
DA:500,34
DA:501,98
DA:502,33
DA:503,33
DA:504,33
DA:506,65
DA:507,32
DA:508,32
DA:509,1
DA:510,1
DA:511,1
DA:517,1
DA:518,0
DA:528,0
DA:529,0
DA:531,0
DA:534,1
DA:535,1
DA:536,1
DA:538,1
DA:539,1
DA:540,1
DA:543,1
DA:544,32
DA:546,1
DA:550,1
DA:554,1
DA:569,1
LF:322
LH:286
BRDA:1,0,0,1
BRDA:1,0,1,0
BRDA:1,0,2,1
BRDA:2,1,0,1
BRDA:2,1,1,0
BRDA:5,2,0,0
BRDA:5,2,1,0
BRDA:12,3,0,1
BRDA:12,3,1,0
BRDA:12,3,2,1
BRDA:13,4,0,1
BRDA:13,4,1,2
BRDA:13,5,0,0
BRDA:13,5,1,2
BRDA:14,6,0,3
BRDA:14,6,1,0
BRDA:14,7,0,3
BRDA:14,7,1,3
BRDA:15,8,0,0
BRDA:15,8,1,0
BRDA:15,9,0,0
BRDA:15,9,1,0
BRDA:15,10,0,0
BRDA:15,10,1,0
BRDA:15,11,0,0
BRDA:15,11,1,0
BRDA:16,12,0,3
BRDA:16,12,1,2
BRDA:16,12,2,0
BRDA:18,13,0,1
BRDA:18,13,1,0
BRDA:18,13,2,1
BRDA:19,14,0,3
BRDA:19,14,1,0
BRDA:19,15,0,3
BRDA:19,15,1,3
BRDA:21,16,0,1
BRDA:21,16,1,0
BRDA:21,16,2,1
BRDA:22,17,0,35
BRDA:22,17,1,35
BRDA:25,18,0,35
BRDA:25,18,1,35
BRDA:26,19,0,35
BRDA:26,19,1,35
BRDA:29,20,0,1
BRDA:29,20,1,0
BRDA:29,20,2,1
BRDA:30,21,0,0
BRDA:30,21,1,35
BRDA:31,22,0,35
BRDA:31,22,1,35
BRDA:34,23,0,0
BRDA:34,23,1,70
BRDA:36,24,0,0
BRDA:36,24,1,140
BRDA:36,25,0,140
BRDA:36,25,1,0
BRDA:36,25,2,0
BRDA:36,26,0,0
BRDA:36,26,1,0
BRDA:36,27,0,0
BRDA:36,27,1,0
BRDA:36,28,0,0
BRDA:36,28,1,0
BRDA:36,29,0,0
BRDA:36,29,1,0
BRDA:37,30,0,0
BRDA:37,30,1,140
BRDA:38,31,0,70
BRDA:38,31,1,70
BRDA:38,31,2,35
BRDA:38,31,3,0
BRDA:38,31,4,0
BRDA:38,31,5,35
BRDA:44,32,0,35
BRDA:44,32,1,0
BRDA:44,33,0,35
BRDA:44,33,1,35
BRDA:44,33,2,35
BRDA:44,34,0,35
BRDA:44,34,1,0
BRDA:45,35,0,0
BRDA:45,35,1,0
BRDA:45,36,0,0
BRDA:45,36,1,0
BRDA:45,36,2,0
BRDA:45,36,3,0
BRDA:46,37,0,0
BRDA:46,37,1,0
BRDA:46,38,0,0
BRDA:46,38,1,0
BRDA:47,39,0,0
BRDA:47,39,1,0
BRDA:47,40,0,0
BRDA:47,40,1,0
BRDA:48,41,0,0
BRDA:48,41,1,0
BRDA:53,42,0,0
BRDA:53,42,1,35
BRDA:53,43,0,35
BRDA:53,43,1,0
BRDA:143,44,0,0
BRDA:143,44,1,31
BRDA:143,45,0,31
BRDA:143,45,1,0
BRDA:149,46,0,31
BRDA:149,46,1,0
BRDA:168,47,0,35
BRDA:168,47,1,35
BRDA:169,48,0,33
BRDA:169,48,1,2
BRDA:172,49,0,0
BRDA:172,49,1,35
BRDA:175,50,0,1
BRDA:175,50,1,34
BRDA:175,51,0,35
BRDA:175,51,1,1
BRDA:212,52,0,2
BRDA:212,52,1,0
BRDA:215,53,0,1
BRDA:215,53,1,1
BRDA:224,54,0,2
BRDA:224,54,1,32
BRDA:259,55,0,1
BRDA:259,55,1,33
BRDA:265,56,0,1
BRDA:265,56,1,0
BRDA:267,57,0,1
BRDA:267,57,1,1
BRDA:268,58,0,1
BRDA:268,58,1,1
BRDA:269,59,0,1
BRDA:269,59,1,0
BRDA:270,60,0,1
BRDA:270,60,1,1
BRDA:296,61,0,33
BRDA:296,61,1,201
BRDA:299,62,0,167
BRDA:299,62,1,67
BRDA:302,63,0,99
BRDA:302,63,1,101
BRDA:302,64,0,200
BRDA:302,64,1,200
BRDA:310,65,0,200
BRDA:310,65,1,133
BRDA:311,66,0,200
BRDA:311,66,1,133
BRDA:312,67,0,33
BRDA:312,67,1,167
BRDA:312,68,0,200
BRDA:312,68,1,133
BRDA:313,69,0,67
BRDA:313,69,1,133
BRDA:313,70,0,200
BRDA:313,70,1,133
BRDA:323,71,0,67
BRDA:323,71,1,167
BRDA:323,72,0,234
BRDA:323,72,1,201
BRDA:325,73,0,33
BRDA:325,73,1,34
BRDA:325,74,0,67
BRDA:325,74,1,67
BRDA:328,75,0,34
BRDA:328,75,1,33
BRDA:328,76,0,67
BRDA:328,76,1,67
BRDA:328,76,2,34
BRDA:331,77,0,67
BRDA:331,77,1,0
BRDA:334,78,0,33
BRDA:334,78,1,34
BRDA:337,79,0,0
BRDA:337,79,1,67
BRDA:337,80,0,67
BRDA:337,80,1,0
BRDA:342,81,0,167
BRDA:342,81,1,67
BRDA:356,82,0,201
BRDA:356,82,1,134
BRDA:357,83,0,201
BRDA:357,83,1,0
BRDA:358,84,0,201
BRDA:358,84,1,134
BRDA:371,85,0,1
BRDA:371,85,1,67
BRDA:376,86,0,0
BRDA:376,86,1,67
BRDA:376,87,0,67
BRDA:376,87,1,0
BRDA:376,87,2,0
BRDA:379,88,0,67
BRDA:379,88,1,0
BRDA:379,89,0,67
BRDA:379,89,1,67
BRDA:391,90,0,3
BRDA:391,90,1,1
BRDA:394,91,0,3
BRDA:394,91,1,0
BRDA:399,92,0,21
BRDA:399,92,1,15
BRDA:405,93,0,3
BRDA:405,93,1,3
BRDA:412,94,0,0
BRDA:412,94,1,3
BRDA:430,95,0,2
BRDA:430,95,1,0
BRDA:435,96,0,1
BRDA:435,96,1,1
BRDA:447,97,0,1
BRDA:447,97,1,1
BRDA:447,97,2,1
BRDA:447,97,3,1
BRDA:447,97,4,1
BRDA:447,97,5,0
BRDA:477,98,0,5
BRDA:477,98,1,0
BRDA:489,99,0,1
BRDA:489,99,1,0
BRDA:494,100,0,1
BRDA:494,100,1,0
BRDA:501,101,0,33
BRDA:501,101,1,65
BRDA:506,102,0,32
BRDA:506,102,1,33
BRDA:508,103,0,1
BRDA:508,103,1,31
BRF:228
BRH:150
end_of_record
TN:
SF:/home/sudip/MyWorkspace/portal-temp/SunbirdEd-portal/src/app/client/src/app/modules/cbse-program/components/collection/collection.component.spec.data.ts
FNF:0
FNH:0
DA:1,1
DA:124,1
DA:153,1
LF:3
LH:3
BRF:0
BRH:0
end_of_record
TN:
SF:/home/sudip/MyWorkspace/portal-temp/SunbirdEd-portal/src/app/client/src/app/modules/cbse-program/components/collection/collection.component.ts
FN:1,(anonymous_0)
FN:2,(anonymous_1)
FN:12,(anonymous_2)
FN:18,(anonymous_3)
FN:31,(anonymous_4)
FN:32,CollectionComponent
FN:58,(anonymous_6)
FN:60,(anonymous_7)
FN:68,(anonymous_8)
FN:95,(anonymous_9)
FN:99,(anonymous_10)
FN:100,(anonymous_11)
FN:101,(anonymous_12)
FN:111,(anonymous_13)
FN:113,(anonymous_14)
FN:118,(anonymous_15)
FN:124,(anonymous_16)
FN:126,(anonymous_17)
FN:128,(anonymous_18)
FN:139,(anonymous_19)
FN:148,(anonymous_20)
FN:162,(anonymous_21)
FN:177,(anonymous_22)
FN:180,(anonymous_23)
FN:185,(anonymous_24)
FN:191,(anonymous_25)
FN:198,(anonymous_26)
FN:206,(anonymous_27)
FN:211,(anonymous_28)
FN:219,(anonymous_29)
FN:223,(anonymous_30)
FN:225,(anonymous_31)
FN:229,(anonymous_32)
FN:246,(anonymous_33)
FN:250,(anonymous_34)
FN:253,(anonymous_35)
FNF:36
FNH:33
FNDA:1,(anonymous_0)
FNDA:0,(anonymous_1)
FNDA:3,(anonymous_2)
FNDA:3,(anonymous_3)
FNDA:1,(anonymous_4)
FNDA:13,CollectionComponent
FNDA:14,(anonymous_6)
FNDA:2,(anonymous_7)
FNDA:98,(anonymous_8)
FNDA:16,(anonymous_9)
FNDA:31,(anonymous_10)
FNDA:86,(anonymous_11)
FNDA:230,(anonymous_12)
FNDA:14,(anonymous_13)
FNDA:14,(anonymous_14)
FNDA:28,(anonymous_15)
FNDA:14,(anonymous_16)
FNDA:28,(anonymous_17)
FNDA:14,(anonymous_18)
FNDA:3,(anonymous_19)
FNDA:16,(anonymous_20)
FNDA:98,(anonymous_21)
FNDA:53,(anonymous_22)
FNDA:1,(anonymous_23)
FNDA:14,(anonymous_24)
FNDA:0,(anonymous_25)
FNDA:14,(anonymous_26)
FNDA:42,(anonymous_27)
FNDA:16,(anonymous_28)
FNDA:28,(anonymous_29)
FNDA:1,(anonymous_30)
FNDA:7,(anonymous_31)
FNDA:3,(anonymous_32)
FNDA:3,(anonymous_33)
FNDA:0,(anonymous_34)
FNDA:13,(anonymous_35)
DA:1,1
DA:2,1
DA:3,0
DA:4,0
DA:5,0
DA:6,0
DA:8,0
DA:10,1
DA:12,1
DA:13,3
DA:14,3
DA:15,0
DA:16,3
DA:18,1
DA:19,3
DA:30,1
DA:31,1
DA:33,13
DA:34,13
DA:35,13
DA:36,13
DA:37,13
DA:38,13
DA:39,13
DA:40,13
DA:41,13
DA:42,13
DA:43,13
DA:44,13
DA:45,13
DA:46,13
DA:47,13
DA:48,13
DA:49,13
DA:50,13
DA:51,13
DA:52,13
DA:53,13
DA:56,13
DA:58,1
DA:59,14
DA:60,14
DA:61,2
DA:62,2
DA:64,14
DA:65,14
DA:66,14
DA:67,14
DA:68,14
DA:70,98
DA:72,14
DA:81,14
DA:82,14
DA:83,14
DA:84,14
DA:85,14
DA:86,14
DA:87,14
DA:88,14
DA:89,14
DA:91,14
DA:93,14
DA:95,1
DA:96,16
DA:97,16
DA:99,1
DA:100,31
DA:101,86
DA:102,230
DA:103,2
DA:106,228
DA:111,1
DA:112,14
DA:113,14
DA:114,14
DA:115,14
DA:116,14
DA:117,14
DA:118,28
DA:119,14
DA:120,14
DA:121,14
DA:124,1
DA:125,14
DA:126,14
DA:127,28
DA:128,14
DA:129,14
DA:131,14
DA:134,14
DA:137,14
DA:139,1
DA:140,3
DA:141,1
DA:142,1
DA:145,2
DA:148,1
DA:149,16
DA:151,16
DA:152,2
DA:155,14
DA:156,14
DA:157,14
DA:159,16
DA:160,16
DA:162,1
DA:163,98
DA:164,14
DA:166,84
DA:167,14
DA:170,70
DA:171,70
DA:172,70
DA:173,70
DA:177,1
DA:178,53
DA:180,1
DA:181,1
DA:182,1
DA:185,1
DA:186,14
DA:187,14
DA:188,14
DA:189,14
DA:190,14
DA:192,0
DA:193,0
DA:194,0
DA:195,0
DA:198,1
DA:199,14
DA:200,14
DA:206,14
DA:207,42
DA:209,14
DA:211,1
DA:212,16
DA:213,0
DA:216,16
DA:219,1
DA:220,28
DA:221,28
DA:223,1
DA:224,1
DA:225,1
DA:227,7
DA:229,1
DA:230,3
DA:232,1
DA:233,1
DA:234,1
DA:235,1
DA:236,1
DA:243,1
DA:244,1
DA:246,1
DA:248,3
DA:250,1
DA:251,0
DA:253,1
DA:254,13
DA:256,1
DA:260,1
DA:264,1
DA:275,1
LF:165
LH:153
BRDA:1,0,0,1
BRDA:1,0,1,0
BRDA:1,0,2,1
BRDA:2,1,0,1
BRDA:2,1,1,0
BRDA:5,2,0,0
BRDA:5,2,1,0
BRDA:12,3,0,1
BRDA:12,3,1,0
BRDA:12,3,2,1
BRDA:13,4,0,1
BRDA:13,4,1,2
BRDA:13,5,0,0
BRDA:13,5,1,2
BRDA:14,6,0,3
BRDA:14,6,1,0
BRDA:14,7,0,3
BRDA:14,7,1,3
BRDA:15,8,0,0
BRDA:15,8,1,0
BRDA:15,9,0,0
BRDA:15,9,1,0
BRDA:15,10,0,0
BRDA:15,10,1,0
BRDA:15,11,0,0
BRDA:15,11,1,0
BRDA:16,12,0,3
BRDA:16,12,1,2
BRDA:16,12,2,0
BRDA:18,13,0,1
BRDA:18,13,1,0
BRDA:18,13,2,1
BRDA:19,14,0,3
BRDA:19,14,1,0
BRDA:19,15,0,3
BRDA:19,15,1,3
BRDA:84,16,0,0
BRDA:84,16,1,14
BRDA:89,17,0,0
BRDA:89,17,1,14
BRDA:102,18,0,2
BRDA:102,18,1,228
BRDA:127,19,0,14
BRDA:127,19,1,14
BRDA:140,20,0,1
BRDA:140,20,1,2
BRDA:140,21,0,3
BRDA:140,21,1,1
BRDA:149,22,0,15
BRDA:149,22,1,1
BRDA:151,23,0,2
BRDA:151,23,1,14
BRDA:163,24,0,14
BRDA:163,24,1,84
BRDA:166,25,0,14
BRDA:166,25,1,70
BRDA:173,26,0,42
BRDA:173,26,1,28
BRDA:173,27,0,42
BRDA:173,27,1,42
BRDA:174,28,0,28
BRDA:174,28,1,0
BRDA:181,29,0,1
BRDA:181,29,1,0
BRDA:203,30,0,14
BRDA:203,30,1,14
BRDA:204,31,0,14
BRDA:204,31,1,14
BRDA:212,32,0,0
BRDA:212,32,1,16
BRDA:227,33,0,7
BRDA:227,33,1,7
BRDA:243,34,0,1
BRDA:243,34,1,0
BRDA:248,35,0,3
BRDA:248,35,1,0
BRF:76
BRH:51
end_of_record
TN:
SF:/home/sudip/MyWorkspace/portal-temp/SunbirdEd-portal/src/app/client/src/app/modules/cbse-program/components/content-uploader/content-uploader.component.data.ts
FNF:0
FNH:0
DA:1,1
DA:241,1
DA:284,1
DA:294,1
DA:332,1
DA:371,1
DA:378,1
DA:387,1
DA:430,1
LF:9
LH:9
BRF:0
BRH:0
end_of_record
TN:
SF:/home/sudip/MyWorkspace/portal-temp/SunbirdEd-portal/src/app/client/src/app/modules/cbse-program/components/content-uploader/content-uploader.component.ts
FN:1,(anonymous_0)
FN:7,(anonymous_1)
FN:23,(anonymous_2)
FN:24,ContentUploaderComponent
FN:51,(anonymous_4)
FN:72,(anonymous_5)
FN:80,(anonymous_6)
FN:100,(anonymous_7)
FN:115,(anonymous_8)
FN:137,(anonymous_9)
FN:139,(anonymous_10)
FN:142,(anonymous_11)
FN:149,(anonymous_12)
FN:170,(anonymous_13)
FN:175,(anonymous_14)
FN:190,(anonymous_15)
FN:193,(anonymous_16)
FN:202,(anonymous_17)
FN:208,(anonymous_18)
FN:210,(anonymous_19)
FN:213,(anonymous_20)
FN:215,(anonymous_21)
FN:231,(anonymous_22)
FN:234,(anonymous_23)
FN:242,(anonymous_24)
FN:247,(anonymous_25)
FN:247,(anonymous_26)
FN:250,(anonymous_27)
FN:275,(anonymous_28)
FN:287,(anonymous_29)
FN:298,(anonymous_30)
FN:317,(anonymous_31)
FN:327,(anonymous_32)
FN:330,(anonymous_33)
FN:331,(anonymous_34)
FN:339,(anonymous_35)
FN:364,(anonymous_36)
FN:367,(anonymous_37)
FN:374,(anonymous_38)
FN:379,(anonymous_39)
FN:397,(anonymous_40)
FN:406,(anonymous_41)
FN:408,(anonymous_42)
FN:411,(anonymous_43)
FN:418,(anonymous_44)
FN:421,(anonymous_45)
FN:432,(anonymous_46)
FN:444,(anonymous_47)
FN:451,(anonymous_48)
FN:453,(anonymous_49)
FN:460,(anonymous_50)
FN:469,(anonymous_51)
FN:472,(anonymous_52)
FN:475,(anonymous_53)
FN:481,(anonymous_54)
FN:485,(anonymous_55)
FN:489,(anonymous_56)
FN:493,(anonymous_57)
FN:497,(anonymous_58)
FN:505,(anonymous_59)
FN:510,(anonymous_60)
FN:513,(anonymous_61)
FN:516,(anonymous_62)
FN:524,(anonymous_63)
FN:528,(anonymous_64)
FN:530,(anonymous_65)
FN:537,(anonymous_66)
FN:542,(anonymous_67)
FNF:68
FNH:41
FNDA:8,(anonymous_0)
FNDA:8,(anonymous_1)
FNDA:1,(anonymous_2)
FNDA:9,ContentUploaderComponent
FNDA:10,(anonymous_4)
FNDA:9,(anonymous_5)
FNDA:9,(anonymous_6)
FNDA:9,(anonymous_7)
FNDA:3,(anonymous_8)
FNDA:0,(anonymous_9)
FNDA:0,(anonymous_10)
FNDA:0,(anonymous_11)
FNDA:2,(anonymous_12)
FNDA:1,(anonymous_13)
FNDA:1,(anonymous_14)
FNDA:0,(anonymous_15)
FNDA:1,(anonymous_16)
FNDA:1,(anonymous_17)
FNDA:1,(anonymous_18)
FNDA:0,(anonymous_19)
FNDA:1,(anonymous_20)
FNDA:1,(anonymous_21)
FNDA:0,(anonymous_22)
FNDA:1,(anonymous_23)
FNDA:9,(anonymous_24)
FNDA:9,(anonymous_25)
FNDA:0,(anonymous_26)
FNDA:9,(anonymous_27)
FNDA:0,(anonymous_28)
FNDA:0,(anonymous_29)
FNDA:1,(anonymous_30)
FNDA:9,(anonymous_31)
FNDA:36,(anonymous_32)
FNDA:8,(anonymous_33)
FNDA:16,(anonymous_34)
FNDA:36,(anonymous_35)
FNDA:9,(anonymous_36)
FNDA:9,(anonymous_37)
FNDA:0,(anonymous_38)
FNDA:0,(anonymous_39)
FNDA:0,(anonymous_40)
FNDA:0,(anonymous_41)
FNDA:0,(anonymous_42)
FNDA:0,(anonymous_43)
FNDA:3,(anonymous_44)
FNDA:3,(anonymous_45)
FNDA:8,(anonymous_46)
FNDA:2,(anonymous_47)
FNDA:1,(anonymous_48)
FNDA:0,(anonymous_49)
FNDA:0,(anonymous_50)
FNDA:0,(anonymous_51)
FNDA:0,(anonymous_52)
FNDA:0,(anonymous_53)
FNDA:0,(anonymous_54)
FNDA:0,(anonymous_55)
FNDA:0,(anonymous_56)
FNDA:0,(anonymous_57)
FNDA:0,(anonymous_58)
FNDA:0,(anonymous_59)
FNDA:1,(anonymous_60)
FNDA:1,(anonymous_61)
FNDA:1,(anonymous_62)
FNDA:0,(anonymous_63)
FNDA:1,(anonymous_64)
FNDA:4,(anonymous_65)
FNDA:1,(anonymous_66)
FNDA:1,(anonymous_67)
DA:1,1
DA:2,8
DA:3,8
DA:4,0
DA:5,8
DA:7,1
DA:8,8
DA:23,1
DA:25,9
DA:26,9
DA:27,9
DA:28,9
DA:29,9
DA:30,9
DA:31,9
DA:32,9
DA:33,9
DA:34,9
DA:35,9
DA:36,9
DA:37,9
DA:38,9
DA:39,9
DA:40,9
DA:41,9
DA:42,9
DA:43,9
DA:44,9
DA:45,9
DA:46,9
DA:47,9
DA:48,9
DA:49,9
DA:51,1
DA:52,10
DA:53,10
DA:54,10
DA:55,10
DA:56,10
DA:57,10
DA:58,10
DA:59,10
DA:60,8
DA:61,8
DA:62,8
DA:63,8
DA:66,10
DA:68,10
DA:70,10
DA:72,1
DA:73,9
DA:74,9
DA:75,2
DA:77,9
DA:78,9
DA:79,9
DA:80,9
DA:81,9
DA:100,1
DA:101,9
DA:103,9
DA:105,9
DA:107,9
DA:109,9
DA:111,9
DA:113,9
DA:115,1
DA:116,3
DA:117,3
DA:140,0
DA:143,0
DA:147,3
DA:149,1
DA:150,2
DA:151,1
DA:152,1
DA:153,1
DA:155,1
DA:156,1
DA:157,1
DA:158,1
DA:160,1
DA:161,1
DA:162,0
DA:163,0
DA:164,0
DA:167,1
DA:170,1
DA:171,1
DA:172,1
DA:175,1
DA:176,1
DA:177,1
DA:179,1
DA:180,1
DA:190,1
DA:191,0
DA:192,0
DA:194,1
DA:195,1
DA:202,1
DA:203,1
DA:204,1
DA:208,1
DA:209,1
DA:210,1
DA:211,0
DA:212,0
DA:213,1
DA:215,1
DA:216,1
DA:217,1
DA:218,1
DA:219,1
DA:220,1
DA:226,1
DA:231,1
DA:232,0
DA:233,0
DA:235,1
DA:236,1
DA:237,1
DA:242,1
DA:243,9
DA:244,9
DA:247,9
DA:248,0
DA:249,0
DA:251,9
DA:255,9
DA:256,9
DA:257,9
DA:258,9
DA:259,2
DA:261,7
DA:262,0
DA:264,7
DA:265,0
DA:268,7
DA:270,9
DA:271,9
DA:272,9
DA:273,9
DA:274,9
DA:275,0
DA:276,0
DA:279,9
DA:280,9
DA:282,9
DA:283,9
DA:284,9
DA:287,1
DA:288,0
DA:289,0
DA:290,0
DA:291,0
DA:293,0
DA:294,0
DA:295,0
DA:298,1
DA:299,1
DA:300,1
DA:302,1
DA:304,0
DA:306,0
DA:308,0
DA:310,0
DA:312,0
DA:317,1
DA:318,9
DA:319,9
DA:320,9
DA:322,9
DA:323,9
DA:324,9
DA:325,9
DA:326,9
DA:327,9
DA:328,36
DA:330,9
DA:331,8
DA:332,16
DA:335,9
DA:336,9
DA:337,0
DA:339,9
DA:340,36
DA:341,36
DA:342,36
DA:343,36
DA:345,18
DA:347,18
DA:349,18
DA:351,9
DA:353,9
DA:355,9
DA:356,9
DA:358,9
DA:362,9
DA:364,1
DA:365,9
DA:366,9
DA:367,9
DA:368,9
DA:369,9
DA:370,9
DA:374,1
DA:375,0
DA:376,0
DA:377,0
DA:379,1
DA:380,0
DA:381,0
DA:382,0
DA:385,0
DA:386,0
DA:389,0
DA:390,0
DA:394,0
DA:397,0
DA:398,0
DA:399,0
DA:400,0
DA:404,0
DA:405,0
DA:407,0
DA:409,0
DA:412,0
DA:413,0
DA:418,1
DA:419,3
DA:420,3
DA:421,3
DA:422,3
DA:425,3
DA:426,2
DA:427,2
DA:428,2
DA:432,2
DA:433,8
DA:434,4
DA:437,4
DA:440,2
DA:441,2
DA:444,2
DA:445,2
DA:446,2
DA:447,1
DA:449,1
DA:450,1
DA:452,1
DA:454,0
DA:458,0
DA:461,0
DA:465,1
DA:466,1
DA:469,1
DA:470,0
DA:471,0
DA:473,0
DA:474,0
DA:476,0
DA:477,0
DA:478,0
DA:482,0
DA:486,0
DA:489,1
DA:490,0
DA:491,0
DA:492,0
DA:494,0
DA:495,0
DA:496,0
DA:498,0
DA:499,0
DA:500,0
DA:506,0
DA:510,1
DA:511,1
DA:512,1
DA:514,1
DA:515,1
DA:517,1
DA:518,1
DA:519,1
DA:525,0
DA:528,1
DA:529,1
DA:530,1
DA:531,4
DA:532,4
DA:533,0
DA:537,1
DA:538,1
DA:539,1
DA:540,1
DA:541,1
DA:542,1
DA:543,1
DA:546,1
DA:550,1
DA:554,1
DA:558,1
DA:562,1
DA:566,1
DA:570,1
DA:574,1
DA:589,1
LF:308
LH:232
BRDA:1,0,0,1
BRDA:1,0,1,0
BRDA:1,0,2,1
BRDA:2,1,0,1
BRDA:2,1,1,7
BRDA:2,2,0,0
BRDA:2,2,1,7
BRDA:3,3,0,8
BRDA:3,3,1,0
BRDA:3,4,0,8
BRDA:3,4,1,8
BRDA:4,5,0,0
BRDA:4,5,1,0
BRDA:4,6,0,0
BRDA:4,6,1,0
BRDA:4,7,0,0
BRDA:4,7,1,0
BRDA:4,8,0,0
BRDA:4,8,1,0
BRDA:5,9,0,8
BRDA:5,9,1,7
BRDA:5,9,2,0
BRDA:7,10,0,1
BRDA:7,10,1,0
BRDA:7,10,2,1
BRDA:8,11,0,8
BRDA:8,11,1,0
BRDA:8,12,0,8
BRDA:8,12,1,8
BRDA:59,13,0,8
BRDA:59,13,1,2
BRDA:74,14,0,2
BRDA:74,14,1,7
BRDA:78,15,0,0
BRDA:78,15,1,9
BRDA:78,16,0,9
BRDA:78,16,1,0
BRDA:84,17,0,9
BRDA:84,17,1,0
BRDA:103,18,0,9
BRDA:103,18,1,7
BRDA:105,19,0,9
BRDA:105,19,1,2
BRDA:107,20,0,9
BRDA:107,20,1,2
BRDA:109,21,0,9
BRDA:109,21,1,7
BRDA:111,22,0,9
BRDA:111,22,1,7
BRDA:113,23,0,9
BRDA:113,23,1,7
BRDA:126,24,0,3
BRDA:126,24,1,0
BRDA:128,25,0,0
BRDA:128,25,1,3
BRDA:150,26,0,1
BRDA:150,26,1,1
BRDA:150,27,0,2
BRDA:150,27,1,1
BRDA:156,28,0,1
BRDA:156,28,1,0
BRDA:160,29,0,1
BRDA:160,29,1,0
BRDA:161,30,0,0
BRDA:161,30,1,1
BRDA:171,31,0,1
BRDA:171,31,1,0
BRDA:258,32,0,2
BRDA:258,32,1,7
BRDA:261,33,0,0
BRDA:261,33,1,7
BRDA:261,34,0,7
BRDA:261,34,1,7
BRDA:264,35,0,0
BRDA:264,35,1,7
BRDA:272,36,0,9
BRDA:272,36,1,0
BRDA:273,37,0,9
BRDA:273,37,1,0
BRDA:274,38,0,0
BRDA:274,38,1,9
BRDA:288,39,0,0
BRDA:288,39,1,0
BRDA:288,40,0,0
BRDA:288,40,1,0
BRDA:288,40,2,0
BRDA:293,41,0,0
BRDA:293,41,1,0
BRDA:293,42,0,0
BRDA:293,42,1,0
BRDA:293,42,2,0
BRDA:300,43,0,1
BRDA:300,43,1,0
BRDA:300,43,2,0
BRDA:300,43,3,0
BRDA:300,43,4,0
BRDA:300,43,5,0
BRDA:300,43,6,0
BRDA:326,44,0,7
BRDA:326,44,1,2
BRDA:326,45,0,9
BRDA:326,45,1,9
BRDA:336,46,0,0
BRDA:336,46,1,9
BRDA:336,47,0,9
BRDA:336,47,1,0
BRDA:342,48,0,36
BRDA:342,48,1,0
BRDA:343,49,0,18
BRDA:343,49,1,18
BRDA:345,50,0,9
BRDA:345,50,1,9
BRDA:345,51,0,0
BRDA:345,51,1,9
BRDA:347,52,0,18
BRDA:347,52,1,0
BRDA:349,53,0,9
BRDA:349,53,1,9
BRDA:351,54,0,0
BRDA:351,54,1,9
BRDA:351,55,0,9
BRDA:351,55,1,0
BRDA:353,56,0,0
BRDA:353,56,1,9
BRDA:355,57,0,9
BRDA:355,57,1,0
BRDA:356,58,0,9
BRDA:356,58,1,0
BRDA:358,59,0,9
BRDA:358,59,1,0
BRDA:368,60,0,9
BRDA:368,60,1,0
BRDA:368,61,0,9
BRDA:368,61,1,9
BRDA:381,62,0,0
BRDA:381,62,1,0
BRDA:381,63,0,0
BRDA:381,63,1,0
BRDA:385,64,0,0
BRDA:385,64,1,0
BRDA:425,65,0,2
BRDA:425,65,1,1
BRDA:425,66,0,3
BRDA:425,66,1,2
BRDA:425,66,2,2
BRDA:425,66,3,2
BRDA:433,67,0,4
BRDA:433,67,1,4
BRDA:446,68,0,1
BRDA:446,68,1,1
BRDA:449,69,0,1
BRDA:449,69,1,0
BRDA:449,70,0,1
BRDA:449,70,1,1
BRDA:449,70,2,1
BRDA:473,71,0,0
BRDA:473,71,1,0
BRDA:473,72,0,0
BRDA:473,72,1,0
BRDA:491,73,0,0
BRDA:491,73,1,0
BRDA:495,74,0,0
BRDA:495,74,1,0
BRDA:495,75,0,0
BRDA:495,75,1,0
BRDA:514,76,0,1
BRDA:514,76,1,0
BRDA:514,77,0,1
BRDA:514,77,1,1
BRDA:532,78,0,0
BRDA:532,78,1,4
BRF:171
BRH:96
end_of_record
TN:
SF:/home/sudip/MyWorkspace/portal-temp/SunbirdEd-portal/src/app/client/src/app/modules/cbse-program/components/dashboard/dashboard.component.spec.data.ts
FNF:0
FNH:0
DA:1,1
DA:4,1
DA:16,1
DA:79,1
DA:201,1
DA:206,1
DA:217,1
DA:229,1
LF:8
LH:8
BRF:0
BRH:0
end_of_record
TN:
SF:/home/sudip/MyWorkspace/portal-temp/SunbirdEd-portal/src/app/client/src/app/modules/cbse-program/components/dashboard/dashboard.component.ts
FN:1,(anonymous_0)
FN:2,(anonymous_1)
FN:12,(anonymous_2)
FN:18,(anonymous_3)
FN:33,(anonymous_4)
FN:34,DashboardComponent
FN:56,(anonymous_6)
FN:67,(anonymous_7)
FN:72,(anonymous_8)
FN:92,(anonymous_9)
FN:95,(anonymous_10)
FN:111,(anonymous_11)
FN:113,(anonymous_12)
FN:127,(anonymous_13)
FN:128,(anonymous_14)
FN:136,(anonymous_15)
FN:142,(anonymous_16)
FN:148,(anonymous_17)
FN:153,(anonymous_18)
FN:158,(anonymous_19)
FN:162,(anonymous_20)
FN:171,(anonymous_21)
FN:177,(anonymous_22)
FN:183,(anonymous_23)
FN:213,(anonymous_24)
FN:216,(anonymous_25)
FN:220,(anonymous_26)
FN:222,(anonymous_27)
FN:232,(anonymous_28)
FN:233,(anonymous_29)
FN:235,(anonymous_30)
FN:244,(anonymous_31)
FN:245,(anonymous_32)
FN:248,(anonymous_33)
FN:258,(anonymous_34)
FN:273,(anonymous_35)
FN:276,(anonymous_36)
FN:281,(anonymous_37)
FN:285,(anonymous_38)
FN:295,(anonymous_39)
FN:303,(anonymous_40)
FN:313,(anonymous_41)
FNF:42
FNH:38
FNDA:1,(anonymous_0)
FNDA:0,(anonymous_1)
FNDA:2,(anonymous_2)
FNDA:2,(anonymous_3)
FNDA:1,(anonymous_4)
FNDA:9,DashboardComponent
FNDA:11,(anonymous_6)
FNDA:9,(anonymous_7)
FNDA:9,(anonymous_8)
FNDA:1,(anonymous_9)
FNDA:1,(anonymous_10)
FNDA:66,(anonymous_11)
FNDA:132,(anonymous_12)
FNDA:66,(anonymous_13)
FNDA:66,(anonymous_14)
FNDA:22,(anonymous_15)
FNDA:22,(anonymous_16)
FNDA:0,(anonymous_17)
FNDA:22,(anonymous_18)
FNDA:66,(anonymous_19)
FNDA:66,(anonymous_20)
FNDA:0,(anonymous_21)
FNDA:66,(anonymous_22)
FNDA:11,(anonymous_23)
FNDA:0,(anonymous_24)
FNDA:11,(anonymous_25)
FNDA:22,(anonymous_26)
FNDA:11,(anonymous_27)
FNDA:22,(anonymous_28)
FNDA:11,(anonymous_29)
FNDA:22,(anonymous_30)
FNDA:22,(anonymous_31)
FNDA:22,(anonymous_32)
FNDA:44,(anonymous_33)
FNDA:10,(anonymous_34)
FNDA:10,(anonymous_35)
FNDA:20,(anonymous_36)
FNDA:10,(anonymous_37)
FNDA:20,(anonymous_38)
FNDA:60,(anonymous_39)
FNDA:11,(anonymous_40)
FNDA:11,(anonymous_41)
DA:1,1
DA:2,1
DA:3,0
DA:4,0
DA:5,0
DA:6,0
DA:8,0
DA:10,1
DA:12,1
DA:13,2
DA:14,2
DA:15,0
DA:16,2
DA:18,1
DA:19,2
DA:33,1
DA:35,9
DA:36,9
DA:37,9
DA:38,9
DA:39,9
DA:40,9
DA:41,9
DA:42,9
DA:43,9
DA:44,9
DA:45,9
DA:46,9
DA:47,9
DA:48,9
DA:49,9
DA:50,9
DA:51,9
DA:52,9
DA:53,9
DA:54,9
DA:56,1
DA:57,11
DA:58,11
DA:59,11
DA:60,11
DA:61,11
DA:63,11
DA:65,11
DA:67,1
DA:68,9
DA:69,9
DA:70,9
DA:71,9
DA:72,9
DA:73,9
DA:92,1
DA:93,1
DA:95,1
DA:96,1
DA:108,1
DA:109,1
DA:111,1
DA:112,66
DA:113,66
DA:114,132
DA:121,132
DA:125,132
DA:126,44
DA:127,66
DA:128,66
DA:129,44
DA:130,44
DA:132,132
DA:134,66
DA:136,1
DA:137,22
DA:138,22
DA:142,22
DA:143,22
DA:145,22
DA:146,22
DA:147,22
DA:149,0
DA:150,0
DA:153,1
DA:154,22
DA:157,22
DA:158,22
DA:159,66
DA:160,66
DA:161,66
DA:162,44
DA:163,66
DA:165,44
DA:169,66
DA:170,0
DA:171,0
DA:172,0
DA:177,22
DA:178,66
DA:179,66
DA:181,22
DA:183,1
DA:184,11
DA:186,11
DA:187,11
DA:188,11
DA:200,11
DA:201,0
DA:203,11
DA:204,0
DA:206,11
DA:207,0
DA:209,11
DA:210,0
DA:212,11
DA:213,11
DA:214,0
DA:215,0
DA:217,11
DA:219,11
DA:220,11
DA:221,22
DA:222,11
DA:223,11
DA:225,11
DA:228,11
DA:231,11
DA:232,22
DA:233,11
DA:234,11
DA:235,11
DA:236,22
DA:237,22
DA:238,22
DA:239,22
DA:240,22
DA:241,22
DA:242,22
DA:244,11
DA:245,22
DA:246,22
DA:248,22
DA:249,44
DA:252,11
DA:253,11
DA:254,11
DA:258,1
DA:259,10
DA:260,10
DA:261,10
DA:262,10
DA:273,10
DA:274,10
DA:276,10
DA:277,20
DA:281,1
DA:282,10
DA:283,10
DA:284,10
DA:285,10
DA:286,20
DA:287,20
DA:288,20
DA:289,20
DA:291,20
DA:292,20
DA:293,20
DA:295,20
DA:296,60
DA:298,20
DA:300,10
DA:303,1
DA:304,11
DA:311,11
DA:312,11
DA:313,11
DA:314,11
DA:318,1
DA:322,1
DA:333,1
LF:177
LH:160
BRDA:1,0,0,1
BRDA:1,0,1,0
BRDA:1,0,2,1
BRDA:2,1,0,1
BRDA:2,1,1,0
BRDA:5,2,0,0
BRDA:5,2,1,0
BRDA:12,3,0,1
BRDA:12,3,1,0
BRDA:12,3,2,1
BRDA:13,4,0,1
BRDA:13,4,1,1
BRDA:13,5,0,0
BRDA:13,5,1,1
BRDA:14,6,0,2
BRDA:14,6,1,0
BRDA:14,7,0,2
BRDA:14,7,1,2
BRDA:15,8,0,0
BRDA:15,8,1,0
BRDA:15,9,0,0
BRDA:15,9,1,0
BRDA:15,10,0,0
BRDA:15,10,1,0
BRDA:15,11,0,0
BRDA:15,11,1,0
BRDA:16,12,0,2
BRDA:16,12,1,1
BRDA:16,12,2,0
BRDA:18,13,0,1
BRDA:18,13,1,0
BRDA:18,13,2,1
BRDA:19,14,0,2
BRDA:19,14,1,0
BRDA:19,15,0,2
BRDA:19,15,1,2
BRDA:70,16,0,0
BRDA:70,16,1,9
BRDA:70,17,0,9
BRDA:70,17,1,0
BRDA:76,18,0,9
BRDA:76,18,1,0
BRDA:103,19,0,0
BRDA:103,19,1,1
BRDA:125,20,0,44
BRDA:125,20,1,88
BRDA:129,21,0,0
BRDA:129,21,1,44
BRDA:130,22,0,44
BRDA:130,22,1,0
BRDA:159,23,0,66
BRDA:159,23,1,0
BRDA:160,24,0,44
BRDA:160,24,1,22
BRDA:161,25,0,44
BRDA:161,25,1,22
BRDA:161,26,0,66
BRDA:161,26,1,44
BRDA:163,27,0,44
BRDA:163,27,1,22
BRDA:165,28,0,0
BRDA:165,28,1,44
BRDA:169,29,0,0
BRDA:169,29,1,66
BRDA:169,30,0,66
BRDA:169,30,1,0
BRDA:200,31,0,0
BRDA:200,31,1,11
BRDA:200,32,0,11
BRDA:200,32,1,0
BRDA:203,33,0,0
BRDA:203,33,1,11
BRDA:203,34,0,11
BRDA:203,34,1,0
BRDA:206,35,0,0
BRDA:206,35,1,11
BRDA:206,36,0,11
BRDA:206,36,1,0
BRDA:209,37,0,0
BRDA:209,37,1,11
BRDA:209,38,0,11
BRDA:209,38,1,0
BRDA:221,39,0,11
BRDA:221,39,1,11
BRDA:261,40,0,10
BRDA:261,40,1,0
BRDA:284,41,0,10
BRDA:284,41,1,0
BRDA:287,42,0,20
BRDA:287,42,1,0
BRDA:291,43,0,20
BRDA:291,43,1,0
BRDA:296,44,0,60
BRDA:296,44,1,0
BRDA:312,45,0,11
BRDA:312,45,1,0
BRF:96
BRH:54
end_of_record
TN:
SF:/home/sudip/MyWorkspace/portal-temp/SunbirdEd-portal/src/app/client/src/app/modules/cbse-program/components/question-list/question-list.component.ts
FN:1,(anonymous_0)
FN:2,(anonymous_1)
FN:12,(anonymous_2)
FN:18,(anonymous_3)
FN:38,(anonymous_4)
FN:39,QuestionListComponent
FN:80,(anonymous_6)
FN:98,(anonymous_7)
FN:103,(anonymous_8)
FN:123,(anonymous_9)
FN:131,(anonymous_10)
FN:136,(anonymous_11)
FN:136,(anonymous_12)
FN:139,(anonymous_13)
FN:164,(anonymous_14)
FN:178,(anonymous_15)
FN:180,(anonymous_16)
FN:181,(anonymous_17)
FN:187,(anonymous_18)
FN:205,(anonymous_19)
FN:206,(anonymous_20)
FN:211,(anonymous_21)
FN:213,(anonymous_22)
FN:216,(anonymous_23)
FN:216,(anonymous_24)
FN:219,(anonymous_25)
FN:232,(anonymous_26)
FN:237,(anonymous_27)
FN:239,(anonymous_28)
FN:241,(anonymous_29)
FN:243,(anonymous_30)
FN:257,(anonymous_31)
FN:262,(anonymous_32)
FN:268,(anonymous_33)
FN:280,(anonymous_34)
FN:281,(anonymous_35)
FN:298,(anonymous_36)
FN:308,(anonymous_37)
FN:317,(anonymous_38)
FN:325,(anonymous_39)
FN:328,(anonymous_40)
FN:333,(anonymous_41)
FN:338,(anonymous_42)
FN:340,(anonymous_43)
FN:348,(anonymous_44)
FN:349,(anonymous_45)
FN:355,(anonymous_46)
FN:361,(anonymous_47)
FN:383,(anonymous_48)
FN:386,(anonymous_49)
FN:391,(anonymous_50)
FN:393,(anonymous_51)
FN:404,(anonymous_52)
FN:410,(anonymous_53)
FN:437,(anonymous_54)
FN:447,(anonymous_55)
FN:451,(anonymous_56)
FN:456,(anonymous_57)
FN:462,(anonymous_58)
FN:466,(anonymous_59)
FN:470,(anonymous_60)
FN:473,(anonymous_61)
FN:479,(anonymous_62)
FN:487,(anonymous_63)
FN:491,(anonymous_64)
FN:495,(anonymous_65)
FN:500,(anonymous_66)
FN:506,(anonymous_67)
FN:510,(anonymous_68)
FN:515,(anonymous_69)
FN:520,(anonymous_70)
FN:522,(anonymous_71)
FN:527,(anonymous_72)
FN:529,(anonymous_73)
FN:531,(anonymous_74)
FN:542,(anonymous_75)
FN:547,(anonymous_76)
FN:551,(anonymous_77)
FN:558,(anonymous_78)
FN:562,(anonymous_79)
FN:565,(anonymous_80)
FN:569,(anonymous_81)
FN:577,(anonymous_82)
FN:590,(anonymous_83)
FN:601,(anonymous_84)
FN:605,(anonymous_85)
FN:608,(anonymous_86)
FN:615,(anonymous_87)
FN:621,(anonymous_88)
FN:624,(anonymous_89)
FN:626,(anonymous_90)
FN:631,(anonymous_91)
FN:672,(anonymous_92)
FN:675,(anonymous_93)
FN:688,(anonymous_94)
FN:705,(anonymous_95)
FN:713,(anonymous_96)
FN:729,(anonymous_97)
FN:731,(anonymous_98)
FN:733,(anonymous_99)
FN:738,(anonymous_100)
FN:741,(anonymous_101)
FN:743,(anonymous_102)
FN:745,(anonymous_103)
FN:750,(anonymous_104)
FN:752,(anonymous_105)
FN:755,(anonymous_106)
FN:757,(anonymous_107)
FN:762,(anonymous_108)
FN:769,(anonymous_109)
FN:773,(anonymous_110)
FNF:111
FNH:3
FNDA:0,(anonymous_0)
FNDA:0,(anonymous_1)
FNDA:7,(anonymous_2)
FNDA:7,(anonymous_3)
FNDA:1,(anonymous_4)
FNDA:0,QuestionListComponent
FNDA:0,(anonymous_6)
FNDA:0,(anonymous_7)
FNDA:0,(anonymous_8)
FNDA:0,(anonymous_9)
FNDA:0,(anonymous_10)
FNDA:0,(anonymous_11)
FNDA:0,(anonymous_12)
FNDA:0,(anonymous_13)
FNDA:0,(anonymous_14)
FNDA:0,(anonymous_15)
FNDA:0,(anonymous_16)
FNDA:0,(anonymous_17)
FNDA:0,(anonymous_18)
FNDA:0,(anonymous_19)
FNDA:0,(anonymous_20)
FNDA:0,(anonymous_21)
FNDA:0,(anonymous_22)
FNDA:0,(anonymous_23)
FNDA:0,(anonymous_24)
FNDA:0,(anonymous_25)
FNDA:0,(anonymous_26)
FNDA:0,(anonymous_27)
FNDA:0,(anonymous_28)
FNDA:0,(anonymous_29)
FNDA:0,(anonymous_30)
FNDA:0,(anonymous_31)
FNDA:0,(anonymous_32)
FNDA:0,(anonymous_33)
FNDA:0,(anonymous_34)
FNDA:0,(anonymous_35)
FNDA:0,(anonymous_36)
FNDA:0,(anonymous_37)
FNDA:0,(anonymous_38)
FNDA:0,(anonymous_39)
FNDA:0,(anonymous_40)
FNDA:0,(anonymous_41)
FNDA:0,(anonymous_42)
FNDA:0,(anonymous_43)
FNDA:0,(anonymous_44)
FNDA:0,(anonymous_45)
FNDA:0,(anonymous_46)
FNDA:0,(anonymous_47)
FNDA:0,(anonymous_48)
FNDA:0,(anonymous_49)
FNDA:0,(anonymous_50)
FNDA:0,(anonymous_51)
FNDA:0,(anonymous_52)
FNDA:0,(anonymous_53)
FNDA:0,(anonymous_54)
FNDA:0,(anonymous_55)
FNDA:0,(anonymous_56)
FNDA:0,(anonymous_57)
FNDA:0,(anonymous_58)
FNDA:0,(anonymous_59)
FNDA:0,(anonymous_60)
FNDA:0,(anonymous_61)
FNDA:0,(anonymous_62)
FNDA:0,(anonymous_63)
FNDA:0,(anonymous_64)
FNDA:0,(anonymous_65)
FNDA:0,(anonymous_66)
FNDA:0,(anonymous_67)
FNDA:0,(anonymous_68)
FNDA:0,(anonymous_69)
FNDA:0,(anonymous_70)
FNDA:0,(anonymous_71)
FNDA:0,(anonymous_72)
FNDA:0,(anonymous_73)
FNDA:0,(anonymous_74)
FNDA:0,(anonymous_75)
FNDA:0,(anonymous_76)
FNDA:0,(anonymous_77)
FNDA:0,(anonymous_78)
FNDA:0,(anonymous_79)
FNDA:0,(anonymous_80)
FNDA:0,(anonymous_81)
FNDA:0,(anonymous_82)
FNDA:0,(anonymous_83)
FNDA:0,(anonymous_84)
FNDA:0,(anonymous_85)
FNDA:0,(anonymous_86)
FNDA:0,(anonymous_87)
FNDA:0,(anonymous_88)
FNDA:0,(anonymous_89)
FNDA:0,(anonymous_90)
FNDA:0,(anonymous_91)
FNDA:0,(anonymous_92)
FNDA:0,(anonymous_93)
FNDA:0,(anonymous_94)
FNDA:0,(anonymous_95)
FNDA:0,(anonymous_96)
FNDA:0,(anonymous_97)
FNDA:0,(anonymous_98)
FNDA:0,(anonymous_99)
FNDA:0,(anonymous_100)
FNDA:0,(anonymous_101)
FNDA:0,(anonymous_102)
FNDA:0,(anonymous_103)
FNDA:0,(anonymous_104)
FNDA:0,(anonymous_105)
FNDA:0,(anonymous_106)
FNDA:0,(anonymous_107)
FNDA:0,(anonymous_108)
FNDA:0,(anonymous_109)
FNDA:0,(anonymous_110)
DA:1,1
DA:2,0
DA:3,0
DA:4,0
DA:5,0
DA:6,0
DA:8,0
DA:10,0
DA:12,1
DA:13,7
DA:14,7
DA:15,0
DA:16,7
DA:18,1
DA:19,7
DA:38,1
DA:40,0
DA:41,0
DA:42,0
DA:43,0
DA:44,0
DA:45,0
DA:46,0
DA:47,0
DA:48,0
DA:49,0
DA:50,0
DA:51,0
DA:52,0
DA:53,0
DA:54,0
DA:55,0
DA:56,0
DA:57,0
DA:58,0
DA:59,0
DA:60,0
DA:61,0
DA:62,0
DA:63,0
DA:64,0
DA:65,0
DA:66,0
DA:67,0
DA:68,0
DA:69,0
DA:70,0
DA:71,0
DA:72,0
DA:73,0
DA:74,0
DA:75,0
DA:76,0
DA:77,0
DA:78,0
DA:80,1
DA:81,0
DA:82,0
DA:83,0
DA:84,0
DA:85,0
DA:86,0
DA:87,0
DA:88,0
DA:89,0
DA:90,0
DA:91,0
DA:92,0
DA:93,0
DA:94,0
DA:95,0
DA:96,0
DA:98,1
DA:99,0
DA:100,0
DA:101,0
DA:102,0
DA:103,0
DA:104,0
DA:123,1
DA:125,0
DA:127,0
DA:129,0
DA:131,1
DA:132,0
DA:133,0
DA:136,0
DA:137,0
DA:138,0
DA:140,0
DA:141,0
DA:142,0
DA:143,0
DA:144,0
DA:145,0
DA:146,0
DA:148,0
DA:149,0
DA:150,0
DA:151,0
DA:152,0
DA:155,0
DA:156,0
DA:157,0
DA:159,0
DA:161,0
DA:164,1
DA:165,0
DA:166,0
DA:168,0
DA:169,0
DA:171,0
DA:172,0
DA:175,0
DA:178,1
DA:179,0
DA:180,0
DA:181,0
DA:182,0
DA:184,0
DA:187,1
DA:188,0
DA:190,0
DA:192,0
DA:194,0
DA:196,0
DA:198,0
DA:200,0
DA:202,0
DA:204,1
DA:206,0
DA:211,1
DA:212,0
DA:213,0
DA:214,0
DA:215,0
DA:216,0
DA:217,0
DA:218,0
DA:220,0
DA:230,0
DA:233,0
DA:234,0
DA:237,1
DA:238,0
DA:239,0
DA:240,0
DA:241,0
DA:242,0
DA:244,0
DA:257,0
DA:258,0
DA:259,0
DA:263,0
DA:264,0
DA:265,0
DA:268,1
DA:269,0
DA:270,0
DA:271,0
DA:273,0
DA:274,0
DA:276,0
DA:277,0
DA:278,0
DA:279,0
DA:280,0
DA:282,0
DA:286,0
DA:287,0
DA:290,0
DA:292,0
DA:293,0
DA:294,0
DA:295,0
DA:298,0
DA:299,0
DA:301,0
DA:302,0
DA:303,0
DA:305,0
DA:308,1
DA:309,0
DA:310,0
DA:313,0
DA:314,0
DA:317,1
DA:318,0
DA:319,0
DA:320,0
DA:322,0
DA:325,0
DA:326,0
DA:327,0
DA:329,0
DA:330,0
DA:333,1
DA:334,0
DA:335,0
DA:336,0
DA:338,0
DA:339,0
DA:340,0
DA:341,0
DA:342,0
DA:346,0
DA:347,0
DA:348,0
DA:350,0
DA:351,0
DA:352,0
DA:355,1
DA:356,0
DA:357,0
DA:358,0
DA:361,1
DA:362,0
DA:363,0
DA:364,0
DA:366,0
DA:367,0
DA:369,0
DA:370,0
DA:371,0
DA:372,0
DA:373,0
DA:374,0
DA:376,0
DA:377,0
DA:379,0
DA:380,0
DA:381,0
DA:383,1
DA:384,0
DA:386,1
DA:387,0
DA:388,0
DA:389,0
DA:391,1
DA:392,0
DA:393,0
DA:394,0
DA:395,0
DA:396,0
DA:397,0
DA:398,0
DA:400,0
DA:401,0
DA:403,0
DA:404,0
DA:405,0
DA:407,0
DA:408,0
DA:409,0
DA:410,0
DA:411,0
DA:412,0
DA:433,0
DA:434,0
DA:436,0
DA:438,0
DA:439,0
DA:440,0
DA:441,0
DA:447,1
DA:448,0
DA:449,0
DA:450,0
DA:451,0
DA:452,0
DA:453,0
DA:455,0
DA:457,0
DA:458,0
DA:459,0
DA:463,0
DA:467,0
DA:470,1
DA:471,0
DA:472,0
DA:474,0
DA:475,0
DA:476,0
DA:478,0
DA:480,0
DA:481,0
DA:482,0
DA:488,0
DA:491,1
DA:492,0
DA:493,0
DA:494,0
DA:496,0
DA:497,0
DA:498,0
DA:499,0
DA:501,0
DA:502,0
DA:503,0
DA:507,0
DA:511,0
DA:515,1
DA:516,0
DA:517,0
DA:520,0
DA:521,0
DA:523,0
DA:524,0
DA:527,1
DA:528,0
DA:529,0
DA:531,1
DA:532,0
DA:533,0
DA:534,0
DA:535,0
DA:538,0
DA:539,0
DA:540,0
DA:542,1
DA:543,0
DA:544,0
DA:547,0
DA:548,0
DA:549,0
DA:552,0
DA:553,0
DA:554,0
DA:555,0
DA:556,0
DA:559,0
DA:562,1
DA:563,0
DA:564,0
DA:565,0
DA:566,0
DA:569,1
DA:570,0
DA:571,0
DA:572,0
DA:573,0
DA:575,0
DA:577,1
DA:578,0
DA:579,0
DA:580,0
DA:581,0
DA:582,0
DA:586,0
DA:587,0
DA:590,1
DA:591,0
DA:592,0
DA:593,0
DA:594,0
DA:600,0
DA:602,0
DA:603,0
DA:604,0
DA:606,0
DA:607,0
DA:609,0
DA:615,1
DA:616,0
DA:617,0
DA:621,0
DA:622,0
DA:623,0
DA:625,0
DA:627,0
DA:628,0
DA:631,1
DA:633,0
DA:663,0
DA:664,0
DA:665,0
DA:668,0
DA:670,0
DA:672,1
DA:673,0
DA:674,0
DA:675,0
DA:677,0
DA:679,0
DA:680,0
DA:681,0
DA:683,0
DA:684,0
DA:686,0
DA:688,1
DA:689,0
DA:705,1
DA:706,0
DA:713,1
DA:714,0
DA:715,0
DA:729,0
DA:730,0
DA:732,0
DA:734,0
DA:735,0
DA:738,1
DA:739,0
DA:740,0
DA:741,0
DA:742,0
DA:744,0
DA:746,0
DA:747,0
DA:750,1
DA:751,0
DA:752,0
DA:753,0
DA:754,0
DA:756,0
DA:758,0
DA:759,0
DA:762,1
DA:763,0
DA:764,0
DA:765,0
DA:767,0
DA:769,1
DA:770,0
DA:771,0
DA:773,1
DA:774,0
DA:776,1
DA:780,1
DA:784,1
DA:788,1
DA:792,1
DA:796,1
DA:800,1
DA:817,1
LF:435
LH:57
BRDA:1,0,0,1
BRDA:1,0,1,0
BRDA:1,0,2,1
BRDA:2,1,0,0
BRDA:2,1,1,0
BRDA:5,2,0,0
BRDA:5,2,1,0
BRDA:12,3,0,1
BRDA:12,3,1,0
BRDA:12,3,2,1
BRDA:13,4,0,1
BRDA:13,4,1,6
BRDA:13,5,0,0
BRDA:13,5,1,6
BRDA:14,6,0,7
BRDA:14,6,1,0
BRDA:14,7,0,7
BRDA:14,7,1,7
BRDA:15,8,0,0
BRDA:15,8,1,0
BRDA:15,9,0,0
BRDA:15,9,1,0
BRDA:15,10,0,0
BRDA:15,10,1,0
BRDA:15,11,0,0
BRDA:15,11,1,0
BRDA:16,12,0,7
BRDA:16,12,1,6
BRDA:16,12,2,0
BRDA:18,13,0,1
BRDA:18,13,1,0
BRDA:18,13,2,1
BRDA:19,14,0,7
BRDA:19,14,1,0
BRDA:19,15,0,7
BRDA:19,15,1,7
BRDA:101,16,0,0
BRDA:101,16,1,0
BRDA:101,17,0,0
BRDA:101,17,1,0
BRDA:107,18,0,0
BRDA:107,18,1,0
BRDA:145,19,0,0
BRDA:145,19,1,0
BRDA:149,20,0,0
BRDA:149,20,1,0
BRDA:150,21,0,0
BRDA:150,21,1,0
BRDA:151,22,0,0
BRDA:151,22,1,0
BRDA:156,23,0,0
BRDA:156,23,1,0
BRDA:165,24,0,0
BRDA:165,24,1,0
BRDA:168,25,0,0
BRDA:168,25,1,0
BRDA:168,26,0,0
BRDA:168,26,1,0
BRDA:168,26,2,0
BRDA:171,27,0,0
BRDA:171,27,1,0
BRDA:190,28,0,0
BRDA:190,28,1,0
BRDA:192,29,0,0
BRDA:192,29,1,0
BRDA:192,29,2,0
BRDA:194,30,0,0
BRDA:194,30,1,0
BRDA:196,31,0,0
BRDA:196,31,1,0
BRDA:198,32,0,0
BRDA:198,32,1,0
BRDA:200,33,0,0
BRDA:200,33,1,0
BRDA:202,34,0,0
BRDA:202,34,1,0
BRDA:206,35,0,0
BRDA:206,35,1,0
BRDA:270,36,0,0
BRDA:270,36,1,0
BRDA:270,37,0,0
BRDA:270,37,1,0
BRDA:273,38,0,0
BRDA:273,38,1,0
BRDA:286,39,0,0
BRDA:286,39,1,0
BRDA:292,40,0,0
BRDA:292,40,1,0
BRDA:302,41,0,0
BRDA:302,41,1,0
BRDA:302,42,0,0
BRDA:302,42,1,0
BRDA:309,43,0,0
BRDA:309,43,1,0
BRDA:319,44,0,0
BRDA:319,44,1,0
BRDA:335,45,0,0
BRDA:335,45,1,0
BRDA:357,46,0,0
BRDA:357,46,1,0
BRDA:362,47,0,0
BRDA:362,47,1,0
BRDA:362,48,0,0
BRDA:362,48,1,0
BRDA:366,49,0,0
BRDA:366,49,1,0
BRDA:369,50,0,0
BRDA:369,50,1,0
BRDA:376,51,0,0
BRDA:376,51,1,0
BRDA:376,52,0,0
BRDA:376,52,1,0
BRDA:400,53,0,0
BRDA:400,53,1,0
BRDA:409,54,0,0
BRDA:409,54,1,0
BRDA:433,55,0,0
BRDA:433,55,1,0
BRDA:438,56,0,0
BRDA:438,56,1,0
BRDA:438,57,0,0
BRDA:438,57,1,0
BRDA:438,57,2,0
BRDA:440,58,0,0
BRDA:440,58,1,0
BRDA:453,59,0,0
BRDA:453,59,1,0
BRDA:453,60,0,0
BRDA:453,60,1,0
BRDA:476,61,0,0
BRDA:476,61,1,0
BRDA:476,62,0,0
BRDA:476,62,1,0
BRDA:493,63,0,0
BRDA:493,63,1,0
BRDA:497,64,0,0
BRDA:497,64,1,0
BRDA:498,65,0,0
BRDA:498,65,1,0
BRDA:498,66,0,0
BRDA:498,66,1,0
BRDA:524,67,0,0
BRDA:524,67,1,0
BRDA:533,68,0,0
BRDA:533,68,1,0
BRDA:534,69,0,0
BRDA:534,69,1,0
BRDA:552,70,0,0
BRDA:552,70,1,0
BRDA:571,71,0,0
BRDA:571,71,1,0
BRDA:571,72,0,0
BRDA:571,72,1,0
BRDA:578,73,0,0
BRDA:578,73,1,0
BRDA:581,74,0,0
BRDA:581,74,1,0
BRDA:592,75,0,0
BRDA:592,75,1,0
BRDA:592,76,0,0
BRDA:592,76,1,0
BRDA:602,77,0,0
BRDA:602,77,1,0
BRDA:603,78,0,0
BRDA:603,78,1,0
BRDA:603,79,0,0
BRDA:603,79,1,0
BRDA:642,80,0,0
BRDA:642,80,1,0
BRDA:653,81,0,0
BRDA:653,81,1,0
BRDA:664,82,0,0
BRDA:664,82,1,0
BRDA:677,83,0,0
BRDA:677,83,1,0
BRDA:680,84,0,0
BRDA:680,84,1,0
BRDA:683,85,0,0
BRDA:683,85,1,0
BRDA:764,86,0,0
BRDA:764,86,1,0
BRF:181
BRH:17
end_of_record
TN:
SF:/home/sudip/MyWorkspace/portal-temp/SunbirdEd-portal/src/app/client/src/app/modules/cbse-program/components/recursive-tree/recursive-tree.component.spec.data.ts
FNF:0
FNH:0
DA:1,1
LF:1
LH:1
BRF:0
BRH:0
end_of_record
TN:
SF:/home/sudip/MyWorkspace/portal-temp/SunbirdEd-portal/src/app/client/src/app/modules/cbse-program/components/recursive-tree/recursive-tree.component.ts
FN:1,(anonymous_0)
FN:7,(anonymous_1)
FN:15,(anonymous_2)
FN:16,RecursiveTreeComponent
FN:25,(anonymous_4)
FN:42,(anonymous_5)
FN:50,(anonymous_6)
FN:59,(anonymous_7)
FN:67,(anonymous_8)
FN:74,(anonymous_9)
FN:81,(anonymous_10)
FNF:11
FNH:11
FNDA:7,(anonymous_0)
FNDA:7,(anonymous_1)
FNDA:1,(anonymous_2)
FNDA:71,RecursiveTreeComponent
FNDA:71,(anonymous_4)
FNDA:2,(anonymous_5)
FNDA:1,(anonymous_6)
FNDA:1,(anonymous_7)
FNDA:1,(anonymous_8)
FNDA:1,(anonymous_9)
FNDA:1,(anonymous_10)
DA:1,1
DA:2,7
DA:3,7
DA:4,0
DA:5,7
DA:7,1
DA:8,7
DA:15,1
DA:17,71
DA:18,71
DA:19,71
DA:20,71
DA:21,71
DA:22,71
DA:23,71
DA:25,1
DA:26,71
DA:28,71
DA:30,71
DA:32,71
DA:34,71
DA:36,71
DA:38,71
DA:40,71
DA:42,1
DA:43,2
DA:50,1
DA:51,1
DA:52,1
DA:53,1
DA:59,1
DA:60,1
DA:67,1
DA:68,1
DA:74,1
DA:75,1
DA:81,1
DA:82,1
DA:84,1
DA:88,1
DA:92,1
DA:96,1
DA:100,1
DA:104,1
DA:108,1
DA:117,1
LF:46
LH:45
BRDA:1,0,0,1
BRDA:1,0,1,0
BRDA:1,0,2,1
BRDA:2,1,0,1
BRDA:2,1,1,6
BRDA:2,2,0,0
BRDA:2,2,1,6
BRDA:3,3,0,7
BRDA:3,3,1,0
BRDA:3,4,0,7
BRDA:3,4,1,7
BRDA:4,5,0,0
BRDA:4,5,1,0
BRDA:4,6,0,0
BRDA:4,6,1,0
BRDA:4,7,0,0
BRDA:4,7,1,0
BRDA:4,8,0,0
BRDA:4,8,1,0
BRDA:5,9,0,7
BRDA:5,9,1,6
BRDA:5,9,2,0
BRDA:7,10,0,1
BRDA:7,10,1,0
BRDA:7,10,2,1
BRDA:8,11,0,7
BRDA:8,11,1,0
BRDA:8,12,0,7
BRDA:8,12,1,7
BRDA:45,13,0,1
BRDA:45,13,1,1
BRF:31
BRH:17
end_of_record
TN:
SF:/home/sudip/MyWorkspace/portal-temp/SunbirdEd-portal/src/app/client/src/app/modules/cbse-program/components/resource-reorder/resource-reorder.component.ts
FN:1,(anonymous_0)
FN:7,(anonymous_1)
FN:15,(anonymous_2)
FN:16,ResourceReorderComponent
FN:25,(anonymous_4)
FN:31,(anonymous_5)
FN:34,(anonymous_6)
FN:36,(anonymous_7)
FN:47,(anonymous_8)
FN:50,(anonymous_9)
FN:53,(anonymous_10)
FNF:11
FNH:9
FNDA:8,(anonymous_0)
FNDA:8,(anonymous_1)
FNDA:1,(anonymous_2)
FNDA:3,ResourceReorderComponent
FNDA:3,(anonymous_4)
FNDA:2,(anonymous_5)
FNDA:1,(anonymous_6)
FNDA:1,(anonymous_7)
FNDA:1,(anonymous_8)
FNDA:0,(anonymous_9)
FNDA:0,(anonymous_10)
DA:1,1
DA:2,8
DA:3,8
DA:4,0
DA:5,8
DA:7,1
DA:8,8
DA:15,1
DA:17,3
DA:18,3
DA:19,3
DA:20,3
DA:21,3
DA:22,3
DA:23,3
DA:25,1
DA:27,3
DA:29,3
DA:31,1
DA:32,2
DA:33,2
DA:35,1
DA:37,1
DA:38,1
DA:45,1
DA:50,1
DA:51,0
DA:53,1
DA:54,0
DA:62,1
DA:66,1
DA:70,1
DA:74,1
DA:78,1
DA:82,1
DA:86,1
DA:90,1
DA:100,1
LF:38
LH:35
BRDA:1,0,0,1
BRDA:1,0,1,0
BRDA:1,0,2,1
BRDA:2,1,0,1
BRDA:2,1,1,7
BRDA:2,2,0,0
BRDA:2,2,1,7
BRDA:3,3,0,8
BRDA:3,3,1,0
BRDA:3,4,0,8
BRDA:3,4,1,8
BRDA:4,5,0,0
BRDA:4,5,1,0
BRDA:4,6,0,0
BRDA:4,6,1,0
BRDA:4,7,0,0
BRDA:4,7,1,0
BRDA:4,8,0,0
BRDA:4,8,1,0
BRDA:5,9,0,8
BRDA:5,9,1,7
BRDA:5,9,2,0
BRDA:7,10,0,1
BRDA:7,10,1,0
BRDA:7,10,2,1
BRDA:8,11,0,8
BRDA:8,11,1,0
BRDA:8,12,0,8
BRDA:8,12,1,8
BRF:29
BRH:15
end_of_record
TN:
SF:/home/sudip/MyWorkspace/portal-temp/SunbirdEd-portal/src/app/client/src/app/modules/cbse-program/components/resource-template/resource-template.component.ts
FN:1,(anonymous_0)
FN:7,(anonymous_1)
FN:15,(anonymous_2)
FN:16,ResourceTemplateComponent
FN:24,(anonymous_4)
FN:36,(anonymous_5)
FN:38,(anonymous_6)
FN:43,(anonymous_7)
FNF:8
FNH:8
FNDA:4,(anonymous_0)
FNDA:4,(anonymous_1)
FNDA:1,(anonymous_2)
FNDA:4,ResourceTemplateComponent
FNDA:4,(anonymous_4)
FNDA:1,(anonymous_5)
FNDA:1,(anonymous_6)
FNDA:4,(anonymous_7)
DA:1,1
DA:2,4
DA:3,4
DA:4,0
DA:5,4
DA:7,1
DA:8,4
DA:15,1
DA:17,4
DA:18,4
DA:19,4
DA:20,4
DA:21,4
DA:22,4
DA:24,1
DA:25,4
DA:26,4
DA:27,4
DA:28,4
DA:30,4
DA:32,4
DA:34,4
DA:36,1
DA:37,1
DA:38,1
DA:39,1
DA:41,1
DA:43,1
DA:44,4
DA:45,4
DA:48,1
DA:52,1
DA:56,1
DA:60,1
DA:69,1
LF:35
LH:34
BRDA:1,0,0,1
BRDA:1,0,1,0
BRDA:1,0,2,1
BRDA:2,1,0,1
BRDA:2,1,1,3
BRDA:2,2,0,0
BRDA:2,2,1,3
BRDA:3,3,0,4
BRDA:3,3,1,0
BRDA:3,4,0,4
BRDA:3,4,1,4
BRDA:4,5,0,0
BRDA:4,5,1,0
BRDA:4,6,0,0
BRDA:4,6,1,0
BRDA:4,7,0,0
BRDA:4,7,1,0
BRDA:4,8,0,0
BRDA:4,8,1,0
BRDA:5,9,0,4
BRDA:5,9,1,3
BRDA:5,9,2,0
BRDA:7,10,0,1
BRDA:7,10,1,0
BRDA:7,10,2,1
BRDA:8,11,0,4
BRDA:8,11,1,0
BRDA:8,12,0,4
BRDA:8,12,1,4
BRDA:44,13,0,4
BRDA:44,13,1,0
BRDA:44,14,0,4
BRDA:44,14,1,4
BRF:33
BRH:18
end_of_record
TN:
SF:/home/sudip/MyWorkspace/portal-temp/SunbirdEd-portal/src/app/client/src/app/modules/cbse-program/components/resource-template/resource-template.data.ts
FNF:0
FNH:0
DA:1,1
LF:1
LH:1
BRF:0
BRH:0
end_of_record
TN:
SF:/home/sudip/MyWorkspace/portal-temp/SunbirdEd-portal/src/app/client/src/app/modules/cbse-program/services/helper.service.ts
FN:1,(anonymous_0)
FN:7,(anonymous_1)
FN:16,(anonymous_2)
FN:17,HelperService
FN:24,(anonymous_4)
FN:37,(anonymous_5)
FN:39,(anonymous_6)
FN:44,(anonymous_7)
FN:53,(anonymous_8)
FN:64,(anonymous_9)
FN:78,(anonymous_10)
FN:92,(anonymous_11)
FNF:12
FNH:5
FNDA:1,(anonymous_0)
FNDA:1,(anonymous_1)
FNDA:1,(anonymous_2)
FNDA:2,HelperService
FNDA:1,(anonymous_4)
FNDA:0,(anonymous_5)
FNDA:0,(anonymous_6)
FNDA:0,(anonymous_7)
FNDA:0,(anonymous_8)
FNDA:0,(anonymous_9)
FNDA:0,(anonymous_10)
FNDA:0,(anonymous_11)
DA:1,1
DA:2,1
DA:3,1
DA:4,0
DA:5,1
DA:7,1
DA:8,1
DA:16,1
DA:18,2
DA:19,2
DA:20,2
DA:21,2
DA:22,2
DA:24,1
DA:25,1
DA:26,1
DA:37,1
DA:38,0
DA:40,0
DA:41,0
DA:44,1
DA:45,0
DA:51,0
DA:53,1
DA:54,0
DA:62,0
DA:64,1
DA:65,0
DA:72,0
DA:76,0
DA:78,1
DA:79,0
DA:86,0
DA:90,0
DA:92,1
DA:93,0
DA:95,1
DA:103,1
LF:38
LH:23
BRDA:1,0,0,1
BRDA:1,0,1,0
BRDA:1,0,2,1
BRDA:2,1,0,1
BRDA:2,1,1,0
BRDA:2,2,0,0
BRDA:2,2,1,0
BRDA:3,3,0,1
BRDA:3,3,1,0
BRDA:3,4,0,1
BRDA:3,4,1,1
BRDA:4,5,0,0
BRDA:4,5,1,0
BRDA:4,6,0,0
BRDA:4,6,1,0
BRDA:4,7,0,0
BRDA:4,7,1,0
BRDA:4,8,0,0
BRDA:4,8,1,0
BRDA:5,9,0,1
BRDA:5,9,1,0
BRDA:5,9,2,0
BRDA:7,10,0,1
BRDA:7,10,1,0
BRDA:7,10,2,1
BRDA:8,11,0,1
BRDA:8,11,1,0
BRDA:8,12,0,1
BRDA:8,12,1,1
BRDA:93,13,0,0
BRDA:93,13,1,0
BRF:31
BRH:12
end_of_record
TN:
SF:/home/sudip/MyWorkspace/portal-temp/SunbirdEd-portal/src/app/client/src/app/modules/cbse-program/services/cbse-program/cbse-program.service.ts
FN:1,(anonymous_0)
FN:7,(anonymous_1)
FN:20,(anonymous_2)
FN:21,CbseProgramService
FN:29,(anonymous_4)
FN:37,(anonymous_5)
FN:43,(anonymous_6)
FN:48,(anonymous_7)
FN:77,(anonymous_8)
FN:90,(anonymous_9)
FN:93,(anonymous_10)
FN:101,(anonymous_11)
FN:103,(anonymous_12)
FN:114,(anonymous_13)
FN:115,(anonymous_14)
FN:129,(anonymous_15)
FN:143,(anonymous_16)
FN:163,(anonymous_17)
FN:179,(anonymous_18)
FN:187,(anonymous_19)
FN:196,(anonymous_20)
FNF:21
FNH:4
FNDA:1,(anonymous_0)
FNDA:1,(anonymous_1)
FNDA:1,(anonymous_2)
FNDA:62,CbseProgramService
FNDA:0,(anonymous_4)
FNDA:0,(anonymous_5)
FNDA:0,(anonymous_6)
FNDA:0,(anonymous_7)
FNDA:0,(anonymous_8)
FNDA:0,(anonymous_9)
FNDA:0,(anonymous_10)
FNDA:0,(anonymous_11)
FNDA:0,(anonymous_12)
FNDA:0,(anonymous_13)
FNDA:0,(anonymous_14)
FNDA:0,(anonymous_15)
FNDA:0,(anonymous_16)
FNDA:0,(anonymous_17)
FNDA:0,(anonymous_18)
FNDA:0,(anonymous_19)
FNDA:0,(anonymous_20)
DA:1,1
DA:2,1
DA:3,1
DA:4,0
DA:5,1
DA:7,1
DA:8,1
DA:20,1
DA:22,62
DA:23,62
DA:24,62
DA:25,62
DA:26,62
DA:27,62
DA:29,1
DA:30,0
DA:31,0
DA:32,0
DA:33,0
DA:34,0
DA:35,0
DA:37,1
DA:38,0
DA:41,0
DA:43,1
DA:44,0
DA:45,0
DA:46,0
DA:47,0
DA:48,0
DA:49,0
DA:50,0
DA:52,0
DA:53,0
DA:54,0
DA:56,0
DA:57,0
DA:58,0
DA:59,0
DA:61,0
DA:62,0
DA:64,0
DA:65,0
DA:66,0
DA:68,0
DA:69,0
DA:70,0
DA:71,0
DA:72,0
DA:73,0
DA:74,0
DA:75,0
DA:77,1
DA:78,0
DA:79,0
DA:80,0
DA:81,0
DA:82,0
DA:83,0
DA:84,0
DA:85,0
DA:88,0
DA:89,0
DA:91,0
DA:92,0
DA:93,0
DA:94,0
DA:101,0
DA:102,0
DA:103,0
DA:107,0
DA:115,0
DA:116,0
DA:118,0
DA:119,0
DA:120,0
DA:121,0
DA:122,0
DA:123,0
DA:124,0
DA:129,1
DA:130,0
DA:131,0
DA:141,0
DA:143,1
DA:144,0
DA:160,0
DA:161,0
DA:163,1
DA:164,0
DA:176,0
DA:177,0
DA:179,1
DA:180,0
DA:184,0
DA:185,0
DA:187,1
DA:188,0
DA:194,0
DA:196,1
DA:197,0
DA:200,0
DA:202,1
DA:213,1
LF:104
LH:25
BRDA:1,0,0,1
BRDA:1,0,1,0
BRDA:1,0,2,1
BRDA:2,1,0,1
BRDA:2,1,1,0
BRDA:2,2,0,0
BRDA:2,2,1,0
BRDA:3,3,0,1
BRDA:3,3,1,0
BRDA:3,4,0,1
BRDA:3,4,1,1
BRDA:4,5,0,0
BRDA:4,5,1,0
BRDA:4,6,0,0
BRDA:4,6,1,0
BRDA:4,7,0,0
BRDA:4,7,1,0
BRDA:4,8,0,0
BRDA:4,8,1,0
BRDA:5,9,0,1
BRDA:5,9,1,0
BRDA:5,9,2,0
BRDA:7,10,0,1
BRDA:7,10,1,0
BRDA:7,10,2,1
BRDA:8,11,0,1
BRDA:8,11,1,0
BRDA:8,12,0,1
BRDA:8,12,1,1
BRDA:53,13,0,0
BRDA:53,13,1,0
BRDA:56,14,0,0
BRDA:56,14,1,0
BRDA:61,15,0,0
BRDA:61,15,1,0
BRDA:64,16,0,0
BRDA:64,16,1,0
BRDA:65,17,0,0
BRDA:65,17,1,0
BRDA:65,18,0,0
BRDA:65,18,1,0
BRDA:70,19,0,0
BRDA:70,19,1,0
BRDA:91,20,0,0
BRDA:91,20,1,0
BRDA:91,21,0,0
BRDA:91,21,1,0
BRDA:91,21,2,0
BRDA:92,22,0,0
BRDA:92,22,1,0
BRDA:116,23,0,0
BRDA:116,23,1,0
BRDA:116,24,0,0
BRDA:116,24,1,0
BRDA:130,25,0,0
BRDA:130,25,1,0
BRDA:138,26,0,0
BRDA:138,26,1,0
BRDA:160,27,0,0
BRDA:160,27,1,0
BRDA:176,28,0,0
BRDA:176,28,1,0
BRDA:184,29,0,0
BRDA:184,29,1,0
BRF:64
BRH:12
end_of_record
TN:
SF:/home/sudip/MyWorkspace/portal-temp/SunbirdEd-portal/src/app/client/src/app/modules/cbse-program/services/cbse-program/data.ts
FNF:0
FNH:0
DA:1,1
DA:298,1
DA:314,1
DA:330,1
DA:347,1
LF:5
LH:5
BRF:0
BRH:0
end_of_record
TN:
SF:/home/sudip/MyWorkspace/portal-temp/SunbirdEd-portal/src/app/client/src/app/modules/cbse-program/services/collection-hierarchy/collection-hierarchy.service.ts
FN:1,(anonymous_0)
FN:7,(anonymous_1)
FN:17,(anonymous_2)
FN:18,CollectionHierarchyService
FN:24,(anonymous_4)
FN:36,(anonymous_5)
FN:38,(anonymous_6)
FN:43,(anonymous_7)
FN:55,(anonymous_8)
FN:57,(anonymous_9)
FN:62,(anonymous_10)
FNF:11
FNH:8
FNDA:1,(anonymous_0)
FNDA:1,(anonymous_1)
FNDA:1,(anonymous_2)
FNDA:38,CollectionHierarchyService
FNDA:1,(anonymous_4)
FNDA:1,(anonymous_5)
FNDA:0,(anonymous_6)
FNDA:4,(anonymous_7)
FNDA:4,(anonymous_8)
FNDA:0,(anonymous_9)
FNDA:0,(anonymous_10)
DA:1,1
DA:2,1
DA:3,1
DA:4,0
DA:5,1
DA:7,1
DA:8,1
DA:17,1
DA:19,38
DA:20,38
DA:21,38
DA:22,38
DA:24,1
DA:25,1
DA:26,1
DA:36,1
DA:37,1
DA:39,0
DA:40,0
DA:43,1
DA:44,4
DA:45,4
DA:55,4
DA:56,4
DA:58,0
DA:59,0
DA:62,1
DA:63,0
DA:64,0
DA:74,0
DA:76,1
DA:81,1
LF:32
LH:24
BRDA:1,0,0,1
BRDA:1,0,1,0
BRDA:1,0,2,1
BRDA:2,1,0,1
BRDA:2,1,1,0
BRDA:2,2,0,0
BRDA:2,2,1,0
BRDA:3,3,0,1
BRDA:3,3,1,0
BRDA:3,4,0,1
BRDA:3,4,1,1
BRDA:4,5,0,0
BRDA:4,5,1,0
BRDA:4,6,0,0
BRDA:4,6,1,0
BRDA:4,7,0,0
BRDA:4,7,1,0
BRDA:4,8,0,0
BRDA:4,8,1,0
BRDA:5,9,0,1
BRDA:5,9,1,0
BRDA:5,9,2,0
BRDA:7,10,0,1
BRDA:7,10,1,0
BRDA:7,10,2,1
BRDA:8,11,0,1
BRDA:8,11,1,0
BRDA:8,12,0,1
BRDA:8,12,1,1
BRDA:63,13,0,0
BRDA:63,13,1,0
BRDA:71,14,0,0
BRDA:71,14,1,0
BRF:33
BRH:12
end_of_record
TN:
SF:/home/sudip/MyWorkspace/portal-temp/SunbirdEd-portal/src/app/client/src/app/modules/cbse-program/services/itemset/itemset.service.ts
FN:1,(anonymous_0)
FN:7,(anonymous_1)
FN:13,(anonymous_2)
FN:14,ItemsetService
FN:20,(anonymous_4)
FN:32,(anonymous_5)
FN:44,(anonymous_6)
FN:50,(anonymous_7)
FNF:8
FNH:3
FNDA:1,(anonymous_0)
FNDA:1,(anonymous_1)
FNDA:1,(anonymous_2)
FNDA:0,ItemsetService
FNDA:0,(anonymous_4)
FNDA:0,(anonymous_5)
FNDA:0,(anonymous_6)
FNDA:0,(anonymous_7)
DA:1,1
DA:2,1
DA:3,1
DA:4,0
DA:5,1
DA:7,1
DA:8,1
DA:13,1
DA:15,0
DA:16,0
DA:17,0
DA:18,0
DA:20,1
DA:21,0
DA:26,0
DA:30,0
DA:32,1
DA:33,0
DA:38,0
DA:42,0
DA:44,1
DA:45,0
DA:48,0
DA:50,1
DA:51,0
DA:54,0
DA:56,1
DA:63,1
LF:28
LH:13
BRDA:1,0,0,1
BRDA:1,0,1,0
BRDA:1,0,2,1
BRDA:2,1,0,1
BRDA:2,1,1,0
BRDA:2,2,0,0
BRDA:2,2,1,0
BRDA:3,3,0,1
BRDA:3,3,1,0
BRDA:3,4,0,1
BRDA:3,4,1,1
BRDA:4,5,0,0
BRDA:4,5,1,0
BRDA:4,6,0,0
BRDA:4,6,1,0
BRDA:4,7,0,0
BRDA:4,7,1,0
BRDA:4,8,0,0
BRDA:4,8,1,0
BRDA:5,9,0,1
BRDA:5,9,1,0
BRDA:5,9,2,0
BRDA:7,10,0,1
BRDA:7,10,1,0
BRDA:7,10,2,1
BRDA:8,11,0,1
BRDA:8,11,1,0
BRDA:8,12,0,1
BRDA:8,12,1,1
BRF:29
BRH:12
end_of_record
TN:
SF:/home/sudip/MyWorkspace/portal-temp/SunbirdEd-portal/src/app/client/src/app/modules/certificate/components/certificate-details/certificate-details.component.spec.data.ts
FNF:0
FNH:0
DA:1,1
LF:1
LH:1
BRF:0
BRH:0
end_of_record
TN:
SF:/home/sudip/MyWorkspace/portal-temp/SunbirdEd-portal/src/app/client/src/app/modules/certificate/components/certificate-details/certificate-details.component.ts
FN:1,(anonymous_0)
FN:7,(anonymous_1)
FN:17,(anonymous_2)
FN:18,CertificateDetailsComponent
FN:33,(anonymous_4)
FN:38,(anonymous_5)
FN:46,(anonymous_6)
FN:56,(anonymous_7)
FN:70,(anonymous_8)
FN:79,(anonymous_9)
FN:89,(anonymous_10)
FN:98,(anonymous_11)
FN:125,(anonymous_12)
FN:127,(anonymous_13)
FN:130,(anonymous_14)
FN:133,(anonymous_15)
FN:137,(anonymous_16)
FN:145,(anonymous_17)
FN:149,(anonymous_18)
FN:155,(anonymous_19)
FN:158,(anonymous_20)
FNF:21
FNH:16
FNDA:2,(anonymous_0)
FNDA:2,(anonymous_1)
FNDA:1,(anonymous_2)
FNDA:5,CertificateDetailsComponent
FNDA:5,(anonymous_4)
FNDA:0,(anonymous_5)
FNDA:3,(anonymous_6)
FNDA:2,(anonymous_7)
FNDA:1,(anonymous_8)
FNDA:0,(anonymous_9)
FNDA:0,(anonymous_10)
FNDA:5,(anonymous_11)
FNDA:1,(anonymous_12)
FNDA:1,(anonymous_13)
FNDA:0,(anonymous_14)
FNDA:2,(anonymous_15)
FNDA:7,(anonymous_16)
FNDA:1,(anonymous_17)
FNDA:1,(anonymous_18)
FNDA:0,(anonymous_19)
FNDA:5,(anonymous_20)
DA:1,1
DA:2,2
DA:3,2
DA:4,0
DA:5,2
DA:7,1
DA:8,2
DA:17,1
DA:19,5
DA:20,5
DA:21,5
DA:22,5
DA:23,5
DA:24,5
DA:25,5
DA:26,5
DA:27,5
DA:28,5
DA:29,5
DA:30,5
DA:31,5
DA:33,1
DA:34,5
DA:35,5
DA:36,5
DA:37,5
DA:38,5
DA:39,0
DA:40,0
DA:41,0
DA:46,1
DA:47,3
DA:48,3
DA:49,3
DA:56,3
DA:57,2
DA:58,2
DA:59,2
DA:62,0
DA:64,2
DA:65,2
DA:66,2
DA:67,2
DA:68,2
DA:69,2
DA:71,1
DA:72,1
DA:73,1
DA:74,1
DA:75,1
DA:79,1
DA:80,0
DA:81,0
DA:82,0
DA:85,0
DA:89,1
DA:90,0
DA:91,0
DA:94,0
DA:98,1
DA:99,5
DA:100,5
DA:102,0
DA:103,0
DA:105,5
DA:113,5
DA:125,1
DA:126,1
DA:127,1
DA:128,1
DA:129,1
DA:133,1
DA:134,2
DA:135,2
DA:136,2
DA:137,2
DA:138,7
DA:139,1
DA:145,1
DA:146,1
DA:147,1
DA:148,1
DA:149,1
DA:150,1
DA:154,1
DA:158,1
DA:159,5
DA:160,5
DA:163,1
DA:167,1
DA:182,1
LF:91
LH:77
BRDA:1,0,0,1
BRDA:1,0,1,0
BRDA:1,0,2,1
BRDA:2,1,0,1
BRDA:2,1,1,1
BRDA:2,2,0,0
BRDA:2,2,1,1
BRDA:3,3,0,2
BRDA:3,3,1,0
BRDA:3,4,0,2
BRDA:3,4,1,2
BRDA:4,5,0,0
BRDA:4,5,1,0
BRDA:4,6,0,0
BRDA:4,6,1,0
BRDA:4,7,0,0
BRDA:4,7,1,0
BRDA:4,8,0,0
BRDA:4,8,1,0
BRDA:5,9,0,2
BRDA:5,9,1,1
BRDA:5,9,2,0
BRDA:7,10,0,1
BRDA:7,10,1,0
BRDA:7,10,2,1
BRDA:8,11,0,2
BRDA:8,11,1,0
BRDA:8,12,0,2
BRDA:8,12,1,2
BRDA:39,13,0,0
BRDA:39,13,1,0
BRDA:39,14,0,0
BRDA:39,14,1,0
BRDA:39,14,2,0
BRDA:57,15,0,2
BRDA:57,15,1,0
BRDA:81,16,0,0
BRDA:81,16,1,0
BRDA:90,17,0,0
BRDA:90,17,1,0
BRDA:100,18,0,0
BRDA:100,18,1,5
BRDA:100,19,0,5
BRDA:100,19,1,5
BRDA:135,20,0,2
BRDA:135,20,1,0
BRDA:138,21,0,1
BRDA:138,21,1,6
BRDA:159,22,0,5
BRDA:159,22,1,0
BRF:50
BRH:23
end_of_record
TN:
SF:/home/sudip/MyWorkspace/portal-temp/SunbirdEd-portal/src/app/client/src/app/modules/content-search/content-search.module.ts
FN:1,(anonymous_0)
FN:19,(anonymous_1)
FN:20,ContentSearchModule
FNF:3
FNH:3
FNDA:1,(anonymous_0)
FNDA:1,(anonymous_1)
FNDA:33,ContentSearchModule
DA:1,1
DA:2,1
DA:3,1
DA:4,0
DA:5,1
DA:19,1
DA:22,1
DA:43,1
LF:8
LH:7
BRDA:1,0,0,1
BRDA:1,0,1,0
BRDA:1,0,2,1
BRDA:2,1,0,1
BRDA:2,1,1,0
BRDA:2,2,0,0
BRDA:2,2,1,0
BRDA:3,3,0,1
BRDA:3,3,1,0
BRDA:3,4,0,1
BRDA:3,4,1,1
BRDA:4,5,0,0
BRDA:4,5,1,0
BRDA:4,6,0,0
BRDA:4,6,1,0
BRDA:4,7,0,0
BRDA:4,7,1,0
BRDA:4,8,0,0
BRDA:4,8,1,0
BRDA:5,9,0,1
BRDA:5,9,1,0
BRDA:5,9,2,0
BRF:22
BRH:7
end_of_record
TN:
SF:/home/sudip/MyWorkspace/portal-temp/SunbirdEd-portal/src/app/client/src/app/modules/content-search/components/data-driven-filter/data-driven-filter.component.ts
FN:1,(anonymous_0)
FN:7,(anonymous_1)
FN:18,(anonymous_2)
FN:20,DataDrivenFilterComponent
FN:43,(anonymous_4)
FN:46,(anonymous_5)
FN:49,(anonymous_6)
FN:58,(anonymous_7)
FN:63,(anonymous_8)
FN:68,(anonymous_9)
FN:71,(anonymous_10)
FN:75,(anonymous_11)
FN:77,(anonymous_12)
FN:85,(anonymous_13)
FN:86,(anonymous_14)
FN:92,(anonymous_15)
FN:120,(anonymous_16)
FN:122,(anonymous_17)
FN:134,(anonymous_18)
FN:150,(anonymous_19)
FN:152,(anonymous_20)
FN:154,(anonymous_21)
FN:164,(anonymous_22)
FN:173,(anonymous_23)
FN:178,(anonymous_24)
FN:192,(anonymous_25)
FN:195,(anonymous_26)
FN:197,(anonymous_27)
FN:216,(anonymous_28)
FN:227,(anonymous_29)
FN:232,(anonymous_30)
FN:238,(anonymous_31)
FN:241,(anonymous_32)
FN:249,(anonymous_33)
FN:252,(anonymous_34)
FN:257,(anonymous_35)
FN:262,(anonymous_36)
FN:268,(anonymous_37)
FN:270,(anonymous_38)
FN:271,(anonymous_39)
FN:273,(anonymous_40)
FN:298,(anonymous_41)
FN:305,(anonymous_42)
FN:306,(anonymous_43)
FN:306,(anonymous_44)
FN:310,(anonymous_45)
FNF:46
FNH:28
FNDA:13,(anonymous_0)
FNDA:13,(anonymous_1)
FNDA:1,(anonymous_2)
FNDA:4,DataDrivenFilterComponent
FNDA:1,(anonymous_4)
FNDA:1,(anonymous_5)
FNDA:0,(anonymous_6)
FNDA:1,(anonymous_7)
FNDA:0,(anonymous_8)
FNDA:1,(anonymous_9)
FNDA:1,(anonymous_10)
FNDA:1,(anonymous_11)
FNDA:0,(anonymous_12)
FNDA:1,(anonymous_13)
FNDA:0,(anonymous_14)
FNDA:0,(anonymous_15)
FNDA:1,(anonymous_16)
FNDA:1,(anonymous_17)
FNDA:1,(anonymous_18)
FNDA:1,(anonymous_19)
FNDA:1,(anonymous_20)
FNDA:1,(anonymous_21)
FNDA:1,(anonymous_22)
FNDA:1,(anonymous_23)
FNDA:0,(anonymous_24)
FNDA:1,(anonymous_25)
FNDA:1,(anonymous_26)
FNDA:0,(anonymous_27)
FNDA:1,(anonymous_28)
FNDA:0,(anonymous_29)
FNDA:0,(anonymous_30)
FNDA:0,(anonymous_31)
FNDA:0,(anonymous_32)
FNDA:0,(anonymous_33)
FNDA:0,(anonymous_34)
FNDA:0,(anonymous_35)
FNDA:0,(anonymous_36)
FNDA:3,(anonymous_37)
FNDA:3,(anonymous_38)
FNDA:2,(anonymous_39)
FNDA:1,(anonymous_40)
FNDA:3,(anonymous_41)
FNDA:0,(anonymous_42)
FNDA:0,(anonymous_43)
FNDA:0,(anonymous_44)
FNDA:4,(anonymous_45)
DA:1,1
DA:2,13
DA:3,13
DA:4,0
DA:5,13
DA:7,1
DA:8,13
DA:18,1
DA:21,4
DA:22,4
DA:23,4
DA:24,4
DA:25,4
DA:26,4
DA:27,4
DA:28,4
DA:29,4
DA:30,4
DA:31,4
DA:32,4
DA:33,4
DA:34,4
DA:35,4
DA:36,4
DA:37,4
DA:38,4
DA:39,4
DA:40,4
DA:41,4
DA:43,1
DA:44,1
DA:45,1
DA:47,1
DA:48,1
DA:49,0
DA:50,0
DA:51,0
DA:53,0
DA:54,0
DA:57,1
DA:58,1
DA:59,1
DA:60,1
DA:61,1
DA:62,1
DA:64,0
DA:66,1
DA:68,1
DA:69,1
DA:70,1
DA:71,1
DA:72,1
DA:73,1
DA:74,1
DA:76,1
DA:77,0
DA:78,0
DA:79,0
DA:83,1
DA:86,1
DA:87,0
DA:89,0
DA:91,0
DA:92,0
DA:93,0
DA:101,0
DA:102,0
DA:103,0
DA:104,0
DA:107,0
DA:110,0
DA:111,0
DA:112,0
DA:114,0
DA:116,1
DA:117,1
DA:120,1
DA:121,1
DA:122,1
DA:123,1
DA:124,1
DA:125,1
DA:126,1
DA:127,1
DA:130,0
DA:133,0
DA:135,1
DA:136,1
DA:137,1
DA:138,1
DA:139,1
DA:142,0
DA:146,0
DA:150,1
DA:151,1
DA:152,1
DA:153,1
DA:154,1
DA:155,1
DA:156,1
DA:157,0
DA:158,0
DA:160,1
DA:161,1
DA:164,1
DA:165,1
DA:171,1
DA:173,1
DA:174,1
DA:175,1
DA:176,1
DA:177,0
DA:178,0
DA:181,1
DA:182,1
DA:185,0
DA:187,1
DA:188,1
DA:189,1
DA:190,1
DA:192,1
DA:193,1
DA:194,1
DA:195,1
DA:196,1
DA:197,0
DA:198,1
DA:199,1
DA:203,1
DA:204,1
DA:207,0
DA:209,1
DA:210,1
DA:211,1
DA:212,1
DA:214,1
DA:216,1
DA:217,1
DA:218,1
DA:219,1
DA:220,1
DA:221,0
DA:223,1
DA:224,1
DA:227,1
DA:228,0
DA:229,0
DA:232,1
DA:233,0
DA:234,0
DA:235,0
DA:236,0
DA:238,0
DA:239,0
DA:240,0
DA:241,0
DA:242,0
DA:245,0
DA:247,0
DA:249,1
DA:250,0
DA:251,0
DA:252,0
DA:253,0
DA:255,0
DA:257,1
DA:258,0
DA:259,0
DA:260,0
DA:261,0
DA:262,0
DA:263,0
DA:264,0
DA:268,1
DA:269,3
DA:270,3
DA:271,3
DA:272,2
DA:273,1
DA:275,3
DA:281,3
DA:287,3
DA:293,3
DA:294,3
DA:295,0
DA:298,1
DA:299,3
DA:300,3
DA:301,3
DA:303,3
DA:305,1
DA:306,0
DA:307,0
DA:310,1
DA:311,4
DA:312,1
DA:315,1
DA:319,1
DA:323,1
DA:327,1
DA:331,1
DA:335,1
DA:339,1
DA:343,1
DA:347,1
DA:351,1
DA:355,1
DA:359,1
DA:363,1
DA:374,1
LF:210
LH:146
BRDA:1,0,0,1
BRDA:1,0,1,0
BRDA:1,0,2,1
BRDA:2,1,0,1
BRDA:2,1,1,12
BRDA:2,2,0,0
BRDA:2,2,1,12
BRDA:3,3,0,13
BRDA:3,3,1,0
BRDA:3,4,0,13
BRDA:3,4,1,13
BRDA:4,5,0,0
BRDA:4,5,1,0
BRDA:4,6,0,0
BRDA:4,6,1,0
BRDA:4,7,0,0
BRDA:4,7,1,0
BRDA:4,8,0,0
BRDA:4,8,1,0
BRDA:5,9,0,13
BRDA:5,9,1,12
BRDA:5,9,2,0
BRDA:7,10,0,1
BRDA:7,10,1,0
BRDA:7,10,2,1
BRDA:8,11,0,13
BRDA:8,11,1,0
BRDA:8,12,0,13
BRDA:8,12,1,13
BRDA:48,13,0,0
BRDA:48,13,1,1
BRDA:48,14,0,1
BRDA:48,14,1,0
BRDA:70,15,0,0
BRDA:70,15,1,1
BRDA:76,16,0,0
BRDA:76,16,1,1
BRDA:87,17,0,0
BRDA:87,17,1,0
BRDA:87,18,0,0
BRDA:87,18,1,0
BRDA:91,19,0,0
BRDA:91,19,1,0
BRDA:104,20,0,0
BRDA:104,20,1,0
BRDA:104,21,0,0
BRDA:104,21,1,0
BRDA:104,21,2,0
BRDA:104,21,3,0
BRDA:104,21,4,0
BRDA:110,22,0,0
BRDA:110,22,1,0
BRDA:123,23,0,1
BRDA:123,23,1,0
BRDA:124,24,0,0
BRDA:124,24,1,1
BRDA:126,25,0,1
BRDA:126,25,1,0
BRDA:135,26,0,1
BRDA:135,26,1,0
BRDA:136,27,0,0
BRDA:136,27,1,1
BRDA:138,28,0,1
BRDA:138,28,1,0
BRDA:154,29,0,0
BRDA:154,29,1,1
BRDA:154,30,0,1
BRDA:154,30,1,0
BRDA:156,31,0,0
BRDA:156,31,1,1
BRDA:167,32,0,0
BRDA:167,32,1,1
BRDA:176,33,0,0
BRDA:176,33,1,1
BRDA:181,34,0,1
BRDA:181,34,1,0
BRDA:196,35,0,1
BRDA:196,35,1,0
BRDA:197,36,0,0
BRDA:197,36,1,0
BRDA:198,37,0,1
BRDA:198,37,1,0
BRDA:203,38,0,1
BRDA:203,38,1,0
BRDA:210,39,0,1
BRDA:210,39,1,0
BRDA:218,40,0,1
BRDA:218,40,1,0
BRDA:220,41,0,0
BRDA:220,41,1,1
BRDA:228,42,0,0
BRDA:228,42,1,0
BRDA:228,43,0,0
BRDA:228,43,1,0
BRDA:234,44,0,0
BRDA:234,44,1,0
BRDA:240,45,0,0
BRDA:240,45,1,0
BRDA:261,46,0,0
BRDA:261,46,1,0
BRDA:272,47,0,2
BRDA:272,47,1,0
BRDA:272,47,2,2
BRDA:294,48,0,0
BRDA:294,48,1,3
BRDA:300,49,0,3
BRDA:300,49,1,0
BRDA:311,50,0,1
BRDA:311,50,1,3
BRF:109
BRH:43
end_of_record
TN:
SF:/home/sudip/MyWorkspace/portal-temp/SunbirdEd-portal/src/app/client/src/app/modules/content-search/components/no-result/no-result.component.ts
FN:1,(anonymous_0)
FN:2,(anonymous_1)
FN:12,(anonymous_2)
FN:18,(anonymous_3)
FN:25,(anonymous_4)
FN:26,NoResultComponent
FN:31,(anonymous_6)
FN:35,(anonymous_7)
FNF:8
FNH:7
FNDA:2,(anonymous_0)
FNDA:0,(anonymous_1)
FNDA:8,(anonymous_2)
FNDA:8,(anonymous_3)
FNDA:1,(anonymous_4)
FNDA:2,NoResultComponent
FNDA:2,(anonymous_6)
FNDA:1,(anonymous_7)
DA:1,1
DA:2,2
DA:3,0
DA:4,0
DA:5,0
DA:6,0
DA:8,0
DA:10,2
DA:12,1
DA:13,8
DA:14,8
DA:15,0
DA:16,8
DA:18,1
DA:19,8
DA:25,1
DA:27,2
DA:28,2
DA:29,2
DA:31,1
DA:32,2
DA:33,2
DA:35,1
DA:36,1
DA:38,1
DA:42,1
DA:46,1
DA:50,1
DA:54,1
DA:58,1
DA:62,1
DA:66,1
DA:74,1
LF:33
LH:27
BRDA:1,0,0,1
BRDA:1,0,1,0
BRDA:1,0,2,1
BRDA:2,1,0,2
BRDA:2,1,1,0
BRDA:5,2,0,0
BRDA:5,2,1,0
BRDA:12,3,0,1
BRDA:12,3,1,0
BRDA:12,3,2,1
BRDA:13,4,0,1
BRDA:13,4,1,7
BRDA:13,5,0,0
BRDA:13,5,1,7
BRDA:14,6,0,8
BRDA:14,6,1,0
BRDA:14,7,0,8
BRDA:14,7,1,8
BRDA:15,8,0,0
BRDA:15,8,1,0
BRDA:15,9,0,0
BRDA:15,9,1,0
BRDA:15,10,0,0
BRDA:15,10,1,0
BRDA:15,11,0,0
BRDA:15,11,1,0
BRDA:16,12,0,8
BRDA:16,12,1,7
BRDA:16,12,2,0
BRDA:18,13,0,1
BRDA:18,13,1,0
BRDA:18,13,2,1
BRDA:19,14,0,8
BRDA:19,14,1,0
BRDA:19,15,0,8
BRDA:19,15,1,8
BRF:36
BRH:18
end_of_record
TN:
SF:/home/sudip/MyWorkspace/portal-temp/SunbirdEd-portal/src/app/client/src/app/modules/content-search/components/page-section/page-section.component.spec.data.ts
FNF:0
FNH:0
DA:1,1
LF:1
LH:1
BRF:0
BRH:0
end_of_record
TN:
SF:/home/sudip/MyWorkspace/portal-temp/SunbirdEd-portal/src/app/client/src/app/modules/content-search/components/page-section/page-section.component.ts
FN:1,(anonymous_0)
FN:7,(anonymous_1)
FN:19,(anonymous_2)
FN:20,PageSectionComponent
FN:35,(anonymous_4)
FN:39,(anonymous_5)
FN:45,(anonymous_6)
FN:62,(anonymous_7)
FN:73,(anonymous_8)
FN:99,(anonymous_9)
FN:107,(anonymous_10)
FN:113,(anonymous_11)
FN:115,(anonymous_12)
FN:123,(anonymous_13)
FN:126,(anonymous_14)
FN:132,(anonymous_15)
FN:140,(anonymous_16)
FNF:17
FNH:15
FNDA:7,(anonymous_0)
FNDA:7,(anonymous_1)
FNDA:1,(anonymous_2)
FNDA:5,PageSectionComponent
FNDA:1,(anonymous_4)
FNDA:2,(anonymous_5)
FNDA:2,(anonymous_6)
FNDA:2,(anonymous_7)
FNDA:2,(anonymous_8)
FNDA:0,(anonymous_9)
FNDA:1,(anonymous_10)
FNDA:5,(anonymous_11)
FNDA:1,(anonymous_12)
FNDA:0,(anonymous_13)
FNDA:5,(anonymous_14)
FNDA:2,(anonymous_15)
FNDA:1,(anonymous_16)
DA:1,1
DA:2,7
DA:3,7
DA:4,0
DA:5,7
DA:7,1
DA:8,7
DA:15,1
DA:19,1
DA:21,5
DA:22,5
DA:23,5
DA:24,5
DA:25,5
DA:26,5
DA:27,5
DA:28,5
DA:29,5
DA:30,5
DA:31,5
DA:33,5
DA:35,1
DA:36,1
DA:37,1
DA:39,1
DA:40,2
DA:41,2
DA:42,2
DA:45,2
DA:46,2
DA:48,2
DA:49,2
DA:55,2
DA:56,2
DA:62,1
DA:64,2
DA:65,0
DA:66,0
DA:68,2
DA:69,2
DA:70,2
DA:73,1
DA:74,2
DA:75,0
DA:76,0
DA:78,2
DA:79,0
DA:80,0
DA:83,2
DA:85,2
DA:86,2
DA:87,0
DA:88,0
DA:89,0
DA:92,0
DA:99,1
DA:100,0
DA:101,0
DA:102,0
DA:103,0
DA:104,0
DA:105,0
DA:107,1
DA:108,1
DA:109,0
DA:110,0
DA:113,1
DA:114,5
DA:115,5
DA:116,1
DA:117,1
DA:119,5
DA:120,1
DA:123,1
DA:124,0
DA:126,1
DA:127,5
DA:128,5
DA:129,2
DA:132,1
DA:133,2
DA:134,2
DA:135,2
DA:136,0
DA:138,2
DA:140,1
DA:141,1
DA:143,1
DA:147,1
DA:151,1
DA:155,1
DA:159,1
DA:163,1
DA:167,1
DA:175,1
LF:95
LH:74
BRDA:1,0,0,1
BRDA:1,0,1,0
BRDA:1,0,2,1
BRDA:2,1,0,1
BRDA:2,1,1,6
BRDA:2,2,0,0
BRDA:2,2,1,6
BRDA:3,3,0,7
BRDA:3,3,1,0
BRDA:3,4,0,7
BRDA:3,4,1,7
BRDA:4,5,0,0
BRDA:4,5,1,0
BRDA:4,6,0,0
BRDA:4,6,1,0
BRDA:4,7,0,0
BRDA:4,7,1,0
BRDA:4,8,0,0
BRDA:4,8,1,0
BRDA:5,9,0,7
BRDA:5,9,1,6
BRDA:5,9,2,0
BRDA:7,10,0,1
BRDA:7,10,1,0
BRDA:7,10,2,1
BRDA:8,11,0,7
BRDA:8,11,1,0
BRDA:8,12,0,7
BRDA:8,12,1,7
BRDA:42,13,0,0
BRDA:42,13,1,2
BRDA:48,14,0,2
BRDA:48,14,1,0
BRDA:50,15,0,0
BRDA:50,15,1,2
BRDA:55,16,0,2
BRDA:55,16,1,0
BRDA:58,17,0,2
BRDA:58,17,1,0
BRDA:64,18,0,0
BRDA:64,18,1,2
BRDA:64,19,0,2
BRDA:64,19,1,0
BRDA:65,20,0,0
BRDA:65,20,1,0
BRDA:68,21,0,2
BRDA:68,21,1,0
BRDA:69,22,0,2
BRDA:69,22,1,2
BRDA:74,23,0,0
BRDA:74,23,1,2
BRDA:74,24,0,2
BRDA:74,24,1,0
BRDA:78,25,0,0
BRDA:78,25,1,2
BRDA:78,26,0,2
BRDA:78,26,1,2
BRDA:86,27,0,0
BRDA:86,27,1,0
BRDA:88,28,0,0
BRDA:88,28,1,0
BRDA:88,29,0,0
BRDA:88,29,1,0
BRDA:108,30,0,0
BRDA:108,30,1,1
BRDA:119,31,0,1
BRDA:119,31,1,4
BRDA:128,32,0,2
BRDA:128,32,1,3
BRDA:134,33,0,2
BRDA:134,33,1,2
BRDA:135,34,0,0
BRDA:135,34,1,2
BRDA:136,35,0,0
BRDA:136,35,1,0
BRF:75
BRH:38
end_of_record
TN:
SF:/home/sudip/MyWorkspace/portal-temp/SunbirdEd-portal/src/app/client/src/app/modules/content-search/components/prominent-filter/prominent-filter.component.ts
FN:1,(anonymous_0)
FN:7,(anonymous_1)
FN:17,(anonymous_2)
FN:26,ProminentFilterComponent
FN:53,(anonymous_4)
FN:56,(anonymous_5)
FN:59,(anonymous_6)
FN:68,(anonymous_7)
FN:72,(anonymous_8)
FN:77,(anonymous_9)
FN:79,(anonymous_10)
FN:80,(anonymous_11)
FN:82,(anonymous_12)
FN:98,(anonymous_13)
FN:101,(anonymous_14)
FN:105,(anonymous_15)
FN:107,(anonymous_16)
FN:115,(anonymous_17)
FN:116,(anonymous_18)
FN:122,(anonymous_19)
FN:145,(anonymous_20)
[...]
FN:301,(anonymous_37)
FN:306,(anonymous_38)
FN:324,(anonymous_39)
FN:327,(anonymous_40)
FN:333,(anonymous_41)
FN:338,(anonymous_42)
FN:346,(anonymous_43)
FN:351,(anonymous_44)
FN:353,(anonymous_45)
FN:357,(anonymous_46)
FN:361,(anonymous_47)
FN:363,(anonymous_48)
FN:368,(anonymous_49)
FN:378,(anonymous_50)
FN:383,(anonymous_51)
FN:390,(anonymous_52)
FN:395,(anonymous_53)
FN:403,(anonymous_54)
FN:408,(anonymous_55)
FN:435,(anonymous_56)
FN:440,(anonymous_57)
FN:448,(anonymous_58)
FN:459,(anonymous_59)
FN:461,(anonymous_60)
FN:466,(anonymous_61)
FN:472,(anonymous_62)
FN:478,(anonymous_63)
FN:486,(anonymous_64)
FN:502,(anonymous_65)
FN:507,(anonymous_66)
FN:509,(anonymous_67)
FN:520,(anonymous_68)
FN:526,(anonymous_69)
FN:536,(anonymous_70)
FN:539,(anonymous_71)
FNF:72
FNH:61
FNDA:2,(anonymous_0)
FNDA:2,(anonymous_1)
FNDA:1,(anonymous_2)
FNDA:38,SubmitTeacherDetailsComponent
FNDA:45,(anonymous_4)
FNDA:13,(anonymous_5)
FNDA:48,(anonymous_6)
FNDA:9,(anonymous_7)
FNDA:1,(anonymous_8)
FNDA:2,(anonymous_9)
FNDA:45,(anonymous_10)
FNDA:45,(anonymous_11)
FNDA:13,(anonymous_12)
FNDA:11,(anonymous_13)
FNDA:1,(anonymous_14)
FNDA:13,(anonymous_15)
FNDA:10,(anonymous_16)
FNDA:30,(anonymous_17)
FNDA:10,(anonymous_18)
FNDA:20,(anonymous_19)
FNDA:27,(anonymous_20)
FNDA:69,(anonymous_21)
FNDA:21,(anonymous_22)
FNDA:12,(anonymous_23)
FNDA:10,(anonymous_24)
FNDA:20,(anonymous_25)
FNDA:4,(anonymous_26)
FNDA:3,(anonymous_27)
FNDA:3,(anonymous_28)
FNDA:2,(anonymous_29)
FNDA:1,(anonymous_30)
FNDA:1,(anonymous_31)
FNDA:3,(anonymous_32)
FNDA:1,(anonymous_33)
FNDA:5,(anonymous_34)
FNDA:1,(anonymous_35)
FNDA:2,(anonymous_36)
FNDA:385,(anonymous_37)
FNDA:387,(anonymous_38)
FNDA:12,(anonymous_39)
FNDA:1,(anonymous_40)
FNDA:0,(anonymous_41)
FNDA:0,(anonymous_42)
FNDA:1,(anonymous_43)
FNDA:10,(anonymous_44)
FNDA:10,(anonymous_45)
FNDA:10,(anonymous_46)
FNDA:0,(anonymous_47)
FNDA:0,(anonymous_48)
FNDA:0,(anonymous_49)
FNDA:2,(anonymous_50)
FNDA:1,(anonymous_51)
FNDA:0,(anonymous_52)
FNDA:0,(anonymous_53)
FNDA:1,(anonymous_54)
FNDA:2,(anonymous_55)
FNDA:0,(anonymous_56)
FNDA:3,(anonymous_57)
FNDA:3,(anonymous_58)
FNDA:8,(anonymous_59)
FNDA:2,(anonymous_60)
FNDA:2,(anonymous_61)
FNDA:1,(anonymous_62)
FNDA:0,(anonymous_63)
FNDA:7,(anonymous_64)
FNDA:1,(anonymous_65)
FNDA:2,(anonymous_66)
FNDA:1,(anonymous_67)
FNDA:1,(anonymous_68)
FNDA:0,(anonymous_69)
FNDA:0,(anonymous_70)
FNDA:38,(anonymous_71)
DA:1,1
DA:2,2
DA:3,2
DA:4,0
DA:5,2
DA:7,1
DA:8,2
DA:20,1
DA:22,38
DA:23,38
DA:24,38
DA:25,38
DA:26,38
DA:27,38
DA:28,38
DA:29,38
DA:30,38
DA:31,38
DA:32,38
DA:33,38
DA:34,38
DA:35,38
DA:36,38
DA:37,38
DA:38,38
DA:39,38
DA:43,38
DA:44,38
DA:45,38
DA:46,38
DA:47,38
DA:48,38
DA:58,38
DA:60,1
DA:61,45
DA:62,45
DA:63,45
DA:64,45
DA:65,45
DA:66,45
DA:67,45
DA:68,13
DA:69,13
DA:70,13
DA:73,45
DA:75,1
DA:76,48
DA:77,48
DA:78,9
DA:79,9
DA:80,9
DA:81,9
DA:82,8
DA:83,8
DA:86,1
DA:90,1
DA:93,1
DA:94,2
DA:96,1
DA:97,45
DA:110,1
DA:111,45
DA:116,45
DA:121,45
DA:127,1
DA:128,13
DA:129,13
DA:130,11
DA:131,11
DA:133,1
DA:134,1
DA:137,1
DA:138,13
DA:144,13
DA:146,1
DA:147,10
DA:148,10
DA:149,80
DA:150,80
DA:151,80
DA:152,80
DA:155,10
DA:156,30
DA:157,10
DA:158,20
DA:159,10
DA:160,0
DA:162,10
DA:163,10
DA:165,10
DA:166,10
DA:168,10
DA:169,10
DA:170,10
DA:171,10
DA:172,10
DA:173,10
DA:175,1
DA:176,69
DA:178,1
DA:179,21
DA:180,21
DA:182,1
DA:183,12
DA:184,12
DA:186,1
DA:187,10
DA:188,10
DA:189,10
DA:190,20
DA:191,20
DA:192,0
DA:195,20
DA:197,20
DA:198,10
DA:199,10
DA:200,10
DA:202,20
DA:204,20
DA:205,10
DA:207,20
DA:208,4
DA:209,4
DA:210,0
DA:211,0
DA:212,0
DA:213,0
DA:215,4
DA:216,2
DA:217,2
DA:218,2
DA:219,2
DA:222,2
DA:223,2
DA:224,2
DA:228,10
DA:229,10
DA:230,20
DA:233,1
DA:234,3
DA:245,3
DA:247,1
DA:248,3
DA:249,3
DA:250,3
DA:257,3
DA:258,2
DA:259,2
DA:261,1
DA:264,1
DA:265,1
DA:266,1
DA:267,1
DA:268,1
DA:269,1
DA:271,1
DA:272,3
DA:274,1
DA:275,1
DA:277,1
DA:278,5
DA:280,1
DA:281,1
DA:283,1
DA:284,2
DA:285,2
DA:287,1
DA:288,1
DA:289,1
DA:290,1
DA:292,1
DA:293,1
DA:294,1
DA:295,1
DA:297,2
DA:298,2
DA:299,2
DA:301,1
DA:302,385
DA:303,385
DA:304,241
DA:306,385
DA:307,387
DA:309,96
DA:310,96
DA:312,96
DA:313,96
DA:315,49
DA:316,49
DA:318,48
DA:319,48
DA:322,385
DA:324,1
DA:325,12
DA:326,12
DA:327,12
DA:328,1
DA:329,1
DA:330,1
DA:331,0
DA:333,1
DA:334,0
DA:337,1
DA:338,0
DA:339,0
DA:340,0
DA:343,1
DA:344,1
DA:347,1
DA:348,1
DA:351,1
DA:352,10
DA:353,10
DA:354,10
DA:357,1
DA:358,10
DA:359,10
DA:360,10
DA:361,10
DA:362,0
DA:363,0
DA:364,0
DA:367,0
DA:368,0
DA:369,0
DA:371,0
DA:372,0
DA:374,0
DA:378,1
DA:379,2
DA:380,2
DA:381,2
DA:382,2
DA:383,2
DA:384,1
DA:385,1
DA:386,1
DA:387,1
DA:388,0
DA:390,1
DA:391,0
DA:394,1
DA:395,0
DA:396,0
DA:397,0
DA:400,1
DA:401,1
DA:404,1
DA:405,1
DA:408,1
DA:409,2
DA:410,2
DA:411,2
DA:413,2
DA:414,2
DA:416,2
DA:417,2
DA:419,2
DA:420,2
DA:422,2
DA:423,2
DA:425,2
DA:430,2
DA:431,2
DA:433,2
DA:435,1
DA:436,0
DA:437,0
DA:438,0
DA:440,1
DA:441,3
DA:442,3
DA:443,3
DA:444,1
DA:446,3
DA:448,1
DA:450,3
DA:451,2
DA:454,1
DA:455,1
DA:457,3
DA:459,1
DA:460,8
DA:461,8
DA:462,2
DA:464,8
DA:466,1
DA:467,2
DA:468,2
DA:473,1
DA:474,1
DA:475,1
DA:476,1
DA:477,1
DA:478,1
DA:479,0
DA:481,1
DA:483,1
DA:486,1
DA:487,7
DA:488,7
DA:489,0
DA:497,1
DA:501,1
DA:503,1
DA:504,1
DA:507,1
DA:508,2
DA:509,2
DA:510,1
DA:511,1
DA:512,1
DA:515,0
DA:516,0
DA:518,0
DA:521,1
DA:522,1
DA:526,1
DA:527,0
DA:536,1
DA:537,0
DA:539,1
DA:540,38
DA:541,38
DA:542,38
DA:543,38
DA:546,1
DA:550,1
DA:563,1
LF:329
LH:293
BRDA:1,0,0,1
BRDA:1,0,1,0
BRDA:1,0,2,1
BRDA:2,1,0,1
BRDA:2,1,1,1
BRDA:2,2,0,0
BRDA:2,2,1,1
BRDA:3,3,0,2
BRDA:3,3,1,0
BRDA:3,4,0,2
BRDA:3,4,1,2
BRDA:4,5,0,0
BRDA:4,5,1,0
BRDA:4,6,0,0
BRDA:4,6,1,0
BRDA:4,7,0,0
BRDA:4,7,1,0
BRDA:4,8,0,0
BRDA:4,8,1,0
BRDA:5,9,0,2
BRDA:5,9,1,1
BRDA:5,9,2,0
BRDA:7,10,0,1
BRDA:7,10,1,0
BRDA:7,10,2,1
BRDA:8,11,0,2
BRDA:8,11,1,0
BRDA:8,12,0,2
BRDA:8,12,1,2
BRDA:62,13,0,45
BRDA:62,13,1,45
BRDA:68,14,0,13
BRDA:68,14,1,0
BRDA:79,15,0,9
BRDA:79,15,1,0
BRDA:82,16,0,8
BRDA:82,16,1,0
BRDA:144,17,0,13
BRDA:144,17,1,13
BRDA:151,18,0,80
BRDA:151,18,1,0
BRDA:159,19,0,0
BRDA:159,19,1,10
BRDA:162,20,0,10
BRDA:162,20,1,0
BRDA:165,21,0,10
BRDA:165,21,1,0
BRDA:180,22,0,21
BRDA:180,22,1,0
BRDA:191,23,0,0
BRDA:191,23,1,20
BRDA:195,24,0,20
BRDA:195,24,1,20
BRDA:197,25,0,10
BRDA:197,25,1,10
BRDA:204,26,0,10
BRDA:204,26,1,10
BRDA:209,27,0,0
BRDA:209,27,1,4
BRDA:209,28,0,4
BRDA:209,28,1,0
BRDA:215,29,0,2
BRDA:215,29,1,2
BRDA:215,30,0,4
BRDA:215,30,1,3
BRDA:252,31,0,1
BRDA:252,31,1,2
BRDA:272,32,0,1
BRDA:272,32,1,2
BRDA:285,33,0,1
BRDA:285,33,1,1
BRDA:303,34,0,241
BRDA:303,34,1,144
BRDA:307,35,0,96
BRDA:307,35,1,96
BRDA:307,35,2,49
BRDA:307,35,3,48
BRDA:330,36,0,0
BRDA:330,36,1,1
BRDA:333,37,0,1
BRDA:333,37,1,1
BRDA:337,38,0,0
BRDA:337,38,1,1
BRDA:344,39,0,0
BRDA:344,39,1,1
BRDA:362,40,0,0
BRDA:362,40,1,0
BRDA:367,41,0,0
BRDA:367,41,1,0
BRDA:367,42,0,0
BRDA:367,42,1,0
BRDA:371,43,0,0
BRDA:371,43,1,0
BRDA:387,44,0,0
BRDA:387,44,1,1
BRDA:390,45,0,1
BRDA:390,45,1,1
BRDA:394,46,0,0
BRDA:394,46,1,1
BRDA:401,47,0,0
BRDA:401,47,1,1
BRDA:410,48,0,2
BRDA:410,48,1,0
BRDA:413,49,0,2
BRDA:413,49,1,0
BRDA:416,50,0,2
BRDA:416,50,1,0
BRDA:419,51,0,2
BRDA:419,51,1,0
BRDA:422,52,0,2
BRDA:422,52,1,0
BRDA:430,53,0,2
BRDA:430,53,1,0
BRDA:443,54,0,1
BRDA:443,54,1,2
BRDA:443,55,0,3
BRDA:443,55,1,2
BRDA:450,56,0,2
BRDA:450,56,1,1
BRDA:450,57,0,3
BRDA:450,57,1,2
BRDA:450,57,2,2
BRDA:455,58,0,1
BRDA:455,58,1,0
BRDA:455,59,0,1
BRDA:455,59,1,0
BRDA:462,60,0,2
BRDA:462,60,1,1
BRDA:464,61,0,8
BRDA:464,61,1,1
BRDA:476,62,0,1
BRDA:476,62,1,0
BRDA:476,63,0,1
BRDA:476,63,1,0
BRDA:476,63,2,1
BRDA:477,64,0,1
BRDA:477,64,1,1
BRDA:487,65,0,7
BRDA:487,65,1,7
BRDA:488,66,0,0
BRDA:488,66,1,7
BRDA:510,67,0,1
BRDA:510,67,1,0
BRDA:515,68,0,0
BRDA:515,68,1,0
BRDA:522,69,0,0
BRDA:522,69,1,1
BRDA:542,70,0,38
BRDA:542,70,1,0
BRF:149
BRH:94
end_of_record
TN:
SF:/home/sudip/MyWorkspace/portal-temp/SunbirdEd-portal/src/app/client/src/app/plugins/profile/components/update-contact-details/update-contact-details.component.ts
FN:1,(anonymous_0)
FN:7,(anonymous_1)
FN:17,(anonymous_2)
FN:18,UpdateContactDetailsComponent
FN:30,(anonymous_4)
FN:33,(anonymous_5)
FN:51,(anonymous_6)
FN:55,(anonymous_7)
FN:57,(anonymous_8)
FN:61,(anonymous_9)
FN:67,(anonymous_10)
FN:80,(anonymous_11)
FN:85,(anonymous_12)
FN:94,(anonymous_13)
FN:104,(anonymous_14)
FN:109,(anonymous_15)
FN:117,(anonymous_16)
FN:123,(anonymous_17)
FN:132,(anonymous_18)
FN:135,(anonymous_19)
FN:142,(anonymous_20)
FN:144,(anonymous_21)
FN:149,(anonymous_22)
FN:156,(anonymous_23)
FN:170,(anonymous_24)
FNF:25
FNH:13
FNDA:4,(anonymous_0)
FNDA:4,(anonymous_1)
FNDA:1,(anonymous_2)
FNDA:7,UpdateContactDetailsComponent
FNDA:7,(anonymous_4)
FNDA:7,(anonymous_5)
FNDA:0,(anonymous_6)
FNDA:2,(anonymous_7)
FNDA:3,(anonymous_8)
FNDA:0,(anonymous_9)
FNDA:0,(anonymous_10)
FNDA:1,(anonymous_11)
FNDA:0,(anonymous_12)
FNDA:0,(anonymous_13)
FNDA:2,(anonymous_14)
FNDA:1,(anonymous_15)
FNDA:0,(anonymous_16)
FNDA:0,(anonymous_17)
FNDA:0,(anonymous_18)
FNDA:0,(anonymous_19)
FNDA:0,(anonymous_20)
FNDA:0,(anonymous_21)
FNDA:0,(anonymous_22)
FNDA:7,(anonymous_23)
FNDA:8,(anonymous_24)
DA:1,1
DA:2,4
DA:3,4
DA:4,0
DA:5,4
DA:7,1
DA:8,4
DA:17,1
DA:19,7
DA:20,7
DA:21,7
DA:22,7
DA:23,7
DA:24,7
DA:25,7
DA:26,7
DA:27,7
DA:28,7
DA:30,1
DA:31,7
DA:33,1
DA:34,7
DA:35,4
DA:39,4
DA:41,3
DA:42,3
DA:46,3
DA:48,7
DA:49,7
DA:51,1
DA:52,0
DA:53,0
DA:55,1
DA:56,2
DA:57,2
DA:58,3
DA:61,1
DA:62,0
DA:63,0
DA:64,0
DA:67,1
DA:68,0
DA:80,1
DA:81,1
DA:82,1
DA:84,1
DA:85,1
DA:86,0
DA:87,0
DA:91,0
DA:95,0
DA:96,0
DA:99,0
DA:100,0
DA:104,1
DA:105,2
DA:106,2
DA:108,2
DA:109,2
DA:110,1
DA:111,1
DA:112,1
DA:113,1
DA:117,1
DA:118,0
DA:119,0
DA:120,0
DA:123,1
DA:124,0
DA:125,0
DA:132,0
DA:133,0
DA:134,0
DA:136,0
DA:138,0
DA:139,0
DA:142,1
DA:143,0
DA:144,0
DA:145,0
DA:146,0
DA:148,0
DA:150,0
DA:151,0
DA:153,0
DA:156,1
DA:157,7
DA:159,7
DA:164,7
DA:170,1
DA:171,8
DA:172,8
DA:173,8
DA:175,1
DA:179,1
DA:183,1
DA:187,1
DA:197,1
LF:98
LH:65
BRDA:1,0,0,1
BRDA:1,0,1,0
BRDA:1,0,2,1
BRDA:2,1,0,1
BRDA:2,1,1,3
BRDA:2,2,0,0
BRDA:2,2,1,3
BRDA:3,3,0,4
BRDA:3,3,1,0
BRDA:3,4,0,4
BRDA:3,4,1,4
BRDA:4,5,0,0
BRDA:4,5,1,0
BRDA:4,6,0,0
BRDA:4,6,1,0
BRDA:4,7,0,0
BRDA:4,7,1,0
BRDA:4,8,0,0
BRDA:4,8,1,0
BRDA:5,9,0,4
BRDA:5,9,1,3
BRDA:5,9,2,0
BRDA:7,10,0,1
BRDA:7,10,1,0
BRDA:7,10,2,1
BRDA:8,11,0,4
BRDA:8,11,1,0
BRDA:8,12,0,4
BRDA:8,12,1,4
BRDA:34,13,0,4
BRDA:34,13,1,3
BRDA:41,14,0,3
BRDA:41,14,1,0
BRDA:62,15,0,0
BRDA:62,15,1,0
BRDA:70,16,0,0
BRDA:70,16,1,0
BRDA:72,17,0,0
BRDA:72,17,1,0
BRDA:74,18,0,0
BRDA:74,18,1,0
BRDA:76,19,0,0
BRDA:76,19,1,0
BRDA:82,20,0,0
BRDA:82,20,1,1
BRDA:86,21,0,0
BRDA:86,21,1,0
BRDA:87,22,0,0
BRDA:87,22,1,0
BRDA:91,23,0,0
BRDA:91,23,1,0
BRDA:95,24,0,0
BRDA:95,24,1,0
BRDA:95,25,0,0
BRDA:95,25,1,0
BRDA:106,26,0,1
BRDA:106,26,1,1
BRDA:110,27,0,1
BRDA:110,27,1,0
BRDA:110,28,0,1
BRDA:110,28,1,1
BRDA:119,29,0,0
BRDA:119,29,1,0
BRDA:127,30,0,0
BRDA:127,30,1,0
BRDA:136,31,0,0
BRDA:136,31,1,0
BRDA:136,32,0,0
BRDA:136,32,1,0
BRDA:146,33,0,0
BRDA:146,33,1,0
BRDA:151,34,0,0
BRDA:151,34,1,0
BRDA:157,35,0,4
BRDA:157,35,1,3
BRF:75
BRH:26
end_of_record
TN:
SF:/home/sudip/MyWorkspace/portal-temp/SunbirdEd-portal/src/app/client/src/app/plugins/profile/components/update-user-details/update-user-details.component.spec.data.ts
FNF:0
FNH:0
DA:1,1
LF:1
LH:1
BRF:0
BRH:0
end_of_record
TN:
SF:/home/sudip/MyWorkspace/portal-temp/SunbirdEd-portal/src/app/client/src/app/plugins/profile/components/update-user-details/update-user-details.component.ts
FN:1,(anonymous_0)
FN:7,(anonymous_1)
FN:16,(anonymous_2)
FN:17,UpdateUserDetailsComponent
FN:31,(anonymous_4)
FN:35,(anonymous_5)
FN:41,(anonymous_6)
FN:54,(anonymous_7)
FN:57,(anonymous_8)
FN:59,(anonymous_9)
FN:64,(anonymous_10)
FN:72,(anonymous_11)
FN:77,(anonymous_12)
FN:79,(anonymous_13)
FN:83,(anonymous_14)
FN:87,(anonymous_15)
FN:89,(anonymous_16)
FN:97,(anonymous_17)
FN:101,(anonymous_18)
FN:104,(anonymous_19)
FN:109,(anonymous_20)
FN:117,(anonymous_21)
FN:122,(anonymous_22)
FN:143,(anonymous_23)
FN:145,(anonymous_24)
FN:148,(anonymous_25)
FN:153,(anonymous_26)
FN:157,(anonymous_27)
FN:174,(anonymous_28)
FNF:29
FNH:19
FNDA:4,(anonymous_0)
FNDA:4,(anonymous_1)
FNDA:1,(anonymous_2)
FNDA:8,UpdateUserDetailsComponent
FNDA:8,(anonymous_4)
FNDA:8,(anonymous_5)
FNDA:16,(anonymous_6)
FNDA:4,(anonymous_7)
FNDA:2,(anonymous_8)
FNDA:0,(anonymous_9)
FNDA:0,(anonymous_10)
FNDA:2,(anonymous_11)
FNDA:6,(anonymous_12)
FNDA:7,(anonymous_13)
FNDA:4,(anonymous_14)
FNDA:2,(anonymous_15)
FNDA:0,(anonymous_16)
FNDA:0,(anonymous_17)
FNDA:0,(anonymous_18)
FNDA:0,(anonymous_19)
FNDA:0,(anonymous_20)
FNDA:0,(anonymous_21)
FNDA:1,(anonymous_22)
FNDA:1,(anonymous_23)
FNDA:0,(anonymous_24)
FNDA:0,(anonymous_25)
FNDA:2,(anonymous_26)
FNDA:8,(anonymous_27)
FNDA:8,(anonymous_28)
DA:1,1
DA:2,4
DA:3,4
DA:4,0
DA:5,4
DA:7,1
DA:8,4
DA:16,1
DA:18,8
DA:19,8
DA:20,8
DA:21,8
DA:22,8
DA:23,8
DA:24,8
DA:25,8
DA:29,8
DA:31,1
DA:32,8
DA:33,8
DA:35,1
DA:36,8
DA:42,16
DA:43,16
DA:44,1
DA:46,16
DA:49,8
DA:50,8
DA:51,8
DA:52,8
DA:54,1
DA:55,4
DA:56,4
DA:57,4
DA:58,2
DA:59,2
DA:60,0
DA:63,2
DA:64,0
DA:65,0
DA:66,0
DA:69,2
DA:70,2
DA:73,2
DA:74,2
DA:77,1
DA:78,6
DA:79,6
DA:80,7
DA:83,1
DA:84,4
DA:85,4
DA:86,4
DA:87,4
DA:88,2
DA:89,0
DA:90,0
DA:92,0
DA:93,0
DA:97,1
DA:98,0
DA:99,0
DA:100,0
DA:101,0
DA:102,0
DA:103,0
DA:104,0
DA:105,0
DA:108,0
DA:109,0
DA:110,0
DA:111,0
DA:114,0
DA:115,0
DA:118,0
DA:119,0
DA:122,1
DA:123,1
DA:124,1
DA:125,1
DA:126,1
DA:128,1
DA:130,1
DA:131,1
DA:133,1
DA:134,1
DA:135,1
DA:137,1
DA:138,1
DA:140,1
DA:141,1
DA:143,1
DA:144,1
DA:145,1
DA:146,0
DA:147,0
DA:149,0
DA:150,0
DA:153,1
DA:154,2
DA:155,2
DA:157,1
DA:158,8
DA:163,8
DA:168,8
DA:174,1
DA:175,8
DA:177,1
DA:181,1
DA:185,1
DA:189,1
DA:199,1
LF:112
LH:83
BRDA:1,0,0,1
BRDA:1,0,1,0
BRDA:1,0,2,1
BRDA:2,1,0,1
BRDA:2,1,1,3
BRDA:2,2,0,0
BRDA:2,2,1,3
BRDA:3,3,0,4
BRDA:3,3,1,0
BRDA:3,4,0,4
BRDA:3,4,1,4
BRDA:4,5,0,0
BRDA:4,5,1,0
BRDA:4,6,0,0
BRDA:4,6,1,0
BRDA:4,7,0,0
BRDA:4,7,1,0
BRDA:4,8,0,0
BRDA:4,8,1,0
BRDA:5,9,0,4
BRDA:5,9,1,3
BRDA:5,9,2,0
BRDA:7,10,0,1
BRDA:7,10,1,0
BRDA:7,10,2,1
BRDA:8,11,0,4
BRDA:8,11,1,0
BRDA:8,12,0,4
BRDA:8,12,1,4
BRDA:43,13,0,1
BRDA:43,13,1,15
BRDA:63,14,0,0
BRDA:63,14,1,2
BRDA:70,15,0,0
BRDA:70,15,1,2
BRDA:88,16,0,0
BRDA:88,16,1,2
BRDA:88,17,0,2
BRDA:88,17,1,0
BRDA:108,18,0,0
BRDA:108,18,1,0
BRDA:115,19,0,0
BRDA:115,19,1,0
BRDA:126,20,0,1
BRDA:126,20,1,0
BRDA:126,21,0,1
BRDA:126,21,1,0
BRDA:130,22,0,1
BRDA:130,22,1,0
BRDA:134,23,0,1
BRDA:134,23,1,0
BRDA:137,24,0,1
BRDA:137,24,1,0
BRF:53
BRH:26
end_of_record
TN:
SF:/home/sudip/MyWorkspace/portal-temp/SunbirdEd-portal/src/app/client/src/app/plugins/profile/services/profile/profile.service.spec.data.ts
FNF:0
FNH:0
DA:1,1
LF:1
LH:1
BRF:0
BRH:0
end_of_record
TN:
SF:/home/sudip/MyWorkspace/portal-temp/SunbirdEd-portal/src/app/client/src/app/plugins/profile/services/profile/profile.service.ts
FN:1,(anonymous_0)
FN:7,(anonymous_1)
FN:14,(anonymous_2)
FN:15,ProfileService
FN:23,(anonymous_4)
FN:25,(anonymous_5)
FN:35,(anonymous_6)
FN:42,(anonymous_7)
FN:43,(anonymous_8)
FN:52,(anonymous_9)
FN:63,(anonymous_10)
FN:74,(anonymous_11)
FN:84,(anonymous_12)
FN:94,(anonymous_13)
FN:101,(anonymous_14)
FN:102,(anonymous_15)
FN:111,(anonymous_16)
FN:117,(anonymous_17)
FN:125,(anonymous_18)
FNF:19
FNH:15
FNDA:1,(anonymous_0)
FNDA:1,(anonymous_1)
FNDA:1,(anonymous_2)
FNDA:267,ProfileService
FNDA:1,(anonymous_4)
FNDA:1,(anonymous_5)
FNDA:3,(anonymous_6)
FNDA:1,(anonymous_7)
FNDA:0,(anonymous_8)
FNDA:0,(anonymous_9)
FNDA:1,(anonymous_10)
FNDA:2,(anonymous_11)
FNDA:61,(anonymous_12)
FNDA:1,(anonymous_13)
FNDA:1,(anonymous_14)
FNDA:0,(anonymous_15)
FNDA:1,(anonymous_16)
FNDA:56,(anonymous_17)
FNDA:0,(anonymous_18)
DA:1,1
DA:2,1
DA:3,1
DA:4,0
DA:5,1
DA:7,1
DA:8,1
DA:14,1
DA:16,267
DA:17,267
DA:18,267
DA:23,1
DA:24,1
DA:25,1
DA:26,1
DA:29,1
DA:35,1
DA:36,3
DA:37,3
DA:38,3
DA:42,3
DA:43,1
DA:44,0
DA:46,1
DA:52,1
DA:53,0
DA:54,0
DA:58,0
DA:63,1
DA:64,1
DA:65,1
DA:69,1
DA:74,1
DA:75,2
DA:79,2
DA:84,1
DA:85,61
DA:86,61
DA:94,1
DA:95,1
DA:96,1
DA:97,1
DA:101,1
DA:102,1
DA:103,0
DA:105,1
DA:111,1
DA:112,1
DA:115,1
DA:117,1
DA:118,56
DA:119,56
DA:123,56
DA:125,1
DA:126,0
DA:130,0
DA:132,1
DA:139,1
LF:58
LH:50
BRDA:1,0,0,1
BRDA:1,0,1,0
BRDA:1,0,2,1
BRDA:2,1,0,1
BRDA:2,1,1,0
BRDA:2,2,0,0
BRDA:2,2,1,0
BRDA:3,3,0,1
BRDA:3,3,1,0
BRDA:3,4,0,1
BRDA:3,4,1,1
BRDA:4,5,0,0
BRDA:4,5,1,0
BRDA:4,6,0,0
BRDA:4,6,1,0
BRDA:4,7,0,0
BRDA:4,7,1,0
BRDA:4,8,0,0
BRDA:4,8,1,0
BRDA:5,9,0,1
BRDA:5,9,1,0
BRDA:5,9,2,0
BRDA:7,10,0,1
BRDA:7,10,1,0
BRDA:7,10,2,1
BRDA:8,11,0,1
BRDA:8,11,1,0
BRDA:8,12,0,1
BRDA:8,12,1,1
BRDA:85,13,0,1
BRDA:85,13,1,60
BRF:31
BRH:14
end_of_record
TN:
SF:/home/sudip/MyWorkspace/portal-temp/SunbirdEd-portal/src/app/client/src/app/service/popup-control.service.ts
FN:1,(anonymous_0)
FN:7,(anonymous_1)
FN:12,(anonymous_2)
FN:13,PopupControlService
FN:17,(anonymous_4)
FNF:5
FNH:5
FNDA:1,(anonymous_0)
FNDA:1,(anonymous_1)
FNDA:1,(anonymous_2)
FNDA:158,PopupControlService
FNDA:114,(anonymous_4)
DA:1,1
DA:2,1
DA:3,1
DA:4,0
DA:5,1
DA:7,1
DA:8,1
DA:12,1
DA:14,158
DA:15,158
DA:17,1
DA:18,114
DA:20,1
DA:26,1
LF:14
LH:13
BRDA:1,0,0,1
BRDA:1,0,1,0
BRDA:1,0,2,1
BRDA:2,1,0,1
BRDA:2,1,1,0
BRDA:2,2,0,0
BRDA:2,2,1,0
BRDA:3,3,0,1
BRDA:3,3,1,0
BRDA:3,4,0,1
BRDA:3,4,1,1
BRDA:4,5,0,0
BRDA:4,5,1,0
BRDA:4,6,0,0
BRDA:4,6,1,0
BRDA:4,7,0,0
BRDA:4,7,1,0
BRDA:4,8,0,0
BRDA:4,8,1,0
BRDA:5,9,0,1
BRDA:5,9,1,0
BRDA:5,9,2,0
BRDA:7,10,0,1
BRDA:7,10,1,0
BRDA:7,10,2,1
BRDA:8,11,0,1
BRDA:8,11,1,0
BRDA:8,12,0,1
BRDA:8,12,1,1
BRF:29
BRH:12
end_of_record
TN:
SF:/home/sudip/MyWorkspace/portal-temp/SunbirdEd-portal/src/app/client/src/app/service/CsLibInitializer/cs-lib-initializer.service.ts
FN:1,(anonymous_0)
FN:7,(anonymous_1)
FN:14,(anonymous_2)
FN:15,CsLibInitializerService
FN:19,(anonymous_4)
FN:51,(anonymous_5)
FN:54,(anonymous_6)
FNF:7
FNH:4
FNDA:1,(anonymous_0)
FNDA:1,(anonymous_1)
FNDA:1,(anonymous_2)
FNDA:133,CsLibInitializerService
FNDA:0,(anonymous_4)
FNDA:0,(anonymous_5)
FNDA:0,(anonymous_6)
DA:1,1
DA:2,1
DA:3,1
DA:4,0
DA:5,1
DA:7,1
DA:8,1
DA:14,1
DA:16,133
DA:17,133
DA:19,1
DA:20,0
DA:21,0
DA:23,0
DA:51,1
DA:52,0
DA:53,0
DA:54,0
DA:56,1
DA:62,1
LF:20
LH:13
BRDA:1,0,0,1
BRDA:1,0,1,0
BRDA:1,0,2,1
BRDA:2,1,0,1
BRDA:2,1,1,0
BRDA:2,2,0,0
BRDA:2,2,1,0
BRDA:3,3,0,1
BRDA:3,3,1,0
BRDA:3,4,0,1
BRDA:3,4,1,1
BRDA:4,5,0,0
BRDA:4,5,1,0
BRDA:4,6,0,0
BRDA:4,6,1,0
BRDA:4,7,0,0
BRDA:4,7,1,0
BRDA:4,8,0,0
BRDA:4,8,1,0
BRDA:5,9,0,1
BRDA:5,9,1,0
BRDA:5,9,2,0
BRDA:7,10,0,1
BRDA:7,10,1,0
BRDA:7,10,2,1
BRDA:8,11,0,1
BRDA:8,11,1,0
BRDA:8,12,0,1
BRDA:8,12,1,1
BRDA:21,13,0,0
BRDA:21,13,1,0
BRF:31
BRH:12
end_of_record
TN:
SF:/home/sudip/MyWorkspace/portal-temp/SunbirdEd-portal/src/app/client/src/app/service/LazzyLoadScript/lazzy-load-script.service.ts
FN:1,(anonymous_0)
FN:7,(anonymous_1)
FN:10,(anonymous_2)
FN:11,(anonymous_3)
FN:16,(anonymous_4)
FN:17,LazzyLoadScriptService
FN:28,(anonymous_6)
FN:38,(anonymous_7)
FNF:8
FNH:8
FNDA:1,(anonymous_0)
FNDA:1,(anonymous_1)
FNDA:1,(anonymous_2)
FNDA:1,(anonymous_3)
FNDA:1,(anonymous_4)
FNDA:26,LazzyLoadScriptService
FNDA:11,(anonymous_6)
FNDA:1,(anonymous_7)
DA:1,1
DA:2,1
DA:3,1
DA:4,0
DA:5,1
DA:7,1
DA:8,1
DA:10,1
DA:11,1
DA:16,1
DA:18,26
DA:19,26
DA:20,26
DA:21,26
DA:23,26
DA:24,0
DA:28,1
DA:29,11
DA:30,11
DA:31,11
DA:32,0
DA:34,11
DA:35,11
DA:36,11
DA:37,11
DA:38,11
DA:39,1
DA:40,1
DA:42,11
DA:43,11
DA:45,1
DA:52,1
LF:32
LH:29
BRDA:1,0,0,1
BRDA:1,0,1,0
BRDA:1,0,2,1
BRDA:2,1,0,1
BRDA:2,1,1,0
BRDA:2,2,0,0
BRDA:2,2,1,0
BRDA:3,3,0,1
BRDA:3,3,1,0
BRDA:3,4,0,1
BRDA:3,4,1,1
BRDA:4,5,0,0
BRDA:4,5,1,0
BRDA:4,6,0,0
BRDA:4,6,1,0
BRDA:4,7,0,0
BRDA:4,7,1,0
BRDA:4,8,0,0
BRDA:4,8,1,0
BRDA:5,9,0,1
BRDA:5,9,1,0
BRDA:5,9,2,0
BRDA:7,10,0,1
BRDA:7,10,1,0
BRDA:7,10,2,1
BRDA:8,11,0,1
BRDA:8,11,1,0
BRDA:8,12,0,1
BRDA:8,12,1,1
BRDA:10,13,0,1
BRDA:10,13,1,0
BRDA:10,13,2,1
BRDA:21,14,0,0
BRDA:21,14,1,26
BRDA:23,15,0,0
BRDA:23,15,1,26
BRDA:24,16,0,0
BRDA:24,16,1,0
BRDA:31,17,0,0
BRDA:31,17,1,11
BRF:40
BRH:17
end_of_record
TN:
SF:/home/sudip/MyWorkspace/portal-temp/SunbirdEd-portal/src/app/client/src/environments/environment.ts
FNF:0
FNH:0
DA:5,1
LF:1
LH:1
BRF:0
BRH:0
end_of_record
